Using pre-set license
Built from '2022.1/staging' branch; Version is '2022.1.23f1 (9636b062134a) revision 9844400'; Using compiler version '192829333'; Build Type 'Release'
OS: 'Windows 10  (10.0.19045) 64bit Professional' Language: 'de' Physical Memory: 32698 MB
BatchMode: 1, IsHumanControllingUs: 0, StartBugReporterOnCrash: 0, Is64bit: 1, IsPro: 1

COMMAND LINE ARGUMENTS:
C:\Program Files\Unity\Hub\Editor\2022.1.23f1\Editor\Unity.exe
-adb2
-batchMode
-noUpm
-name
AssetImportWorker2
-projectPath
C:/Users/Celina/Desktop/Schule/4.SemesterFH/MixedReality/Game/GodCart
-logFile
Logs/AssetImportWorker2.log
-srvPort
62583
Successfully changed project path to: C:/Users/Celina/Desktop/Schule/4.SemesterFH/MixedReality/Game/GodCart
C:/Users/Celina/Desktop/Schule/4.SemesterFH/MixedReality/Game/GodCart
[UnityMemory] Configuration Parameters - Can be set up in boot.config
    "memorysetup-bucket-allocator-granularity=16"
    "memorysetup-bucket-allocator-bucket-count=8"
    "memorysetup-bucket-allocator-block-size=33554432"
    "memorysetup-bucket-allocator-block-count=8"
    "memorysetup-main-allocator-block-size=16777216"
    "memorysetup-thread-allocator-block-size=16777216"
    "memorysetup-gfx-main-allocator-block-size=16777216"
    "memorysetup-gfx-thread-allocator-block-size=16777216"
    "memorysetup-cache-allocator-block-size=4194304"
    "memorysetup-typetree-allocator-block-size=2097152"
    "memorysetup-profiler-bucket-allocator-granularity=16"
    "memorysetup-profiler-bucket-allocator-bucket-count=8"
    "memorysetup-profiler-bucket-allocator-block-size=33554432"
    "memorysetup-profiler-bucket-allocator-block-count=8"
    "memorysetup-profiler-allocator-block-size=16777216"
    "memorysetup-profiler-editor-allocator-block-size=1048576"
    "memorysetup-temp-allocator-size-main=16777216"
    "memorysetup-job-temp-allocator-block-size=2097152"
    "memorysetup-job-temp-allocator-block-size-background=1048576"
    "memorysetup-job-temp-allocator-reduction-small-platforms=262144"
    "memorysetup-temp-allocator-size-background-worker=32768"
    "memorysetup-temp-allocator-size-job-worker=262144"
    "memorysetup-temp-allocator-size-preload-manager=33554432"
    "memorysetup-temp-allocator-size-nav-mesh-worker=65536"
    "memorysetup-temp-allocator-size-audio-worker=65536"
    "memorysetup-temp-allocator-size-cloud-worker=32768"
    "memorysetup-temp-allocator-size-gi-baking-worker=262144"
    "memorysetup-temp-allocator-size-gfx=262144"
Refreshing native plugins compatible for Editor in 189.96 ms, found 8 plugins.
Preloading 1 native plugins for Editor in 0.46 ms.
Initialize engine version: 2022.1.23f1 (9636b062134a)
[Subsystems] Discovering subsystems at path C:/Program Files/Unity/Hub/Editor/2022.1.23f1/Editor/Data/Resources/UnitySubsystems
[Subsystems] Discovering subsystems at path C:/Users/Celina/Desktop/Schule/4.SemesterFH/MixedReality/Game/GodCart/Assets
GfxDevice: creating device client; threaded=0; jobified=0
Direct3D:
    Version:  Direct3D 11.0 [level 11.1]
    Renderer: NVIDIA GeForce GTX 1080 (ID=0x1b80)
    Vendor:   NVIDIA
    VRAM:     8072 MB
    Driver:   31.0.15.3179
Shader 'Oculus/OVRMRCameraFrameLit': fallback shader 'Alpha-Diffuse' not found
Initialize mono
Mono path[0] = 'C:/Program Files/Unity/Hub/Editor/2022.1.23f1/Editor/Data/Managed'
Mono path[1] = 'C:/Program Files/Unity/Hub/Editor/2022.1.23f1/Editor/Data/MonoBleedingEdge/lib/mono/unityjit-win32'
Mono config path = 'C:/Program Files/Unity/Hub/Editor/2022.1.23f1/Editor/Data/MonoBleedingEdge/etc'
Using monoOptions --debugger-agent=transport=dt_socket,embedding=1,server=y,suspend=n,address=127.0.0.1:56552
Begin MonoManager ReloadAssembly
Registering precompiled unity dll's ...
Register platform support module: C:/Program Files/Unity/Hub/Editor/2022.1.23f1/Editor/Data/PlaybackEngines/AndroidPlayer/UnityEditor.Android.Extensions.dll
Register platform support module: C:/Program Files/Unity/Hub/Editor/2022.1.23f1/Editor/Data/PlaybackEngines/WindowsStandaloneSupport/UnityEditor.WindowsStandalone.Extensions.dll
Registered in 0.007684 seconds.
Native extension for WindowsStandalone target not found
Native extension for Android target not found
Refreshing native plugins compatible for Editor in 174.87 ms, found 8 plugins.
Preloading 1 native plugins for Editor in 0.22 ms.
Mono: successfully reloaded assembly
- Completed reload, in  0.731 seconds
Domain Reload Profiling:
	ReloadAssembly (731ms)
		BeginReloadAssembly (67ms)
			ExecutionOrderSort (0ms)
			DisableScriptedObjects (0ms)
			BackupInstance (0ms)
			ReleaseScriptingObjects (0ms)
			CreateAndSetChildDomain (1ms)
		EndReloadAssembly (563ms)
			LoadAssemblies (65ms)
			RebuildTransferFunctionScriptingTraits (0ms)
			SetupTypeCache (117ms)
				TypeCache.Initialize (117ms)
					TypeCache.ScanAssembly (115ms)
				ResolveRequiredComponents (0ms)
			ReleaseScriptCaches (0ms)
			RebuildScriptCaches (25ms)
			SetupLoadedEditorAssemblies (370ms)
				LogAssemblyErrors (0ms)
				InitializePlatformSupportModulesInManaged (50ms)
				SetLoadedEditorAssemblies (7ms)
				RefreshPlugins (175ms)
				BeforeProcessingInitializeOnLoad (1ms)
				ProcessInitializeOnLoadAttributes (97ms)
				ProcessInitializeOnLoadMethodAttributes (39ms)
				AfterProcessingInitializeOnLoad (0ms)
				EditorAssembliesLoaded (0ms)
			ExecutionOrderSort2 (0ms)
			AwakeInstancesAfterBackupRestoration (0ms)
Platform modules already initialized, skipping
Registering precompiled user dll's ...
Registered in 0.009536 seconds.
Android Extension - Scanning For ADB Devices 4518 ms
Begin MonoManager ReloadAssembly
Symbol file LoadedFromMemory doesn't match image C:\Users\Celina\Desktop\Schule\4.SemesterFH\MixedReality\Game\GodCart\Library\PackageCache\com.unity.visualscripting@1.7.8\Editor\VisualScripting.Core\Dependencies\DotNetZip\Unity.VisualScripting.IonicZip.dll
Symbol file LoadedFromMemory doesn't match image C:\Users\Celina\Desktop\Schule\4.SemesterFH\MixedReality\Game\GodCart\Library\PackageCache\com.unity.visualscripting@1.7.8\Editor\VisualScripting.Core\Dependencies\YamlDotNet\Unity.VisualScripting.YamlDotNet.dll
Native extension for WindowsStandalone target not found
Native extension for Android target not found
Refreshing native plugins compatible for Editor in 203.70 ms, found 8 plugins.
Preloading 1 native plugins for Editor in 0.07 ms.
Package Manager log level set to [2]
[Package Manager] Server::EnsureServerProcessIsRunning -- launch failed, reason: Unity was launched with the -noUpm command-line argument
[Package Manager] UpmClient::Send -- Unable to send message (not connected to UPM process).
[Package Manager] Cannot connect to Unity Package Manager local server
[Package Manager] Server::EnsureServerProcessIsRunning -- launch failed, reason: Unity was launched with the -noUpm command-line argument
[Package Manager] UpmClient::Send -- Unable to send message (not connected to UPM process).
[Package Manager] Cannot connect to Unity Package Manager local server
[XR] OculusXRPlugin: registering subsystems
[XR] Unable to register display lifecyle provider: [1]
[XR] Oculus Input lifecycle provider registered.
[XR] Unable to register input lifecyle provider: [1]
[XR] OVRP version 1.82.0
Mono: successfully reloaded assembly
[Package Manager] Server::EnsureServerProcessIsRunning -- launch failed, reason: Unity was launched with the -noUpm command-line argument
[Package Manager] UpmClient::Send -- Unable to send message (not connected to UPM process).
[Package Manager] Cannot connect to Unity Package Manager local server
[Package Manager] Server::EnsureServerProcessIsRunning -- launch failed, reason: Unity was launched with the -noUpm command-line argument
[Package Manager] UpmClient::Send -- Unable to send message (not connected to UPM process).
[Package Manager] Cannot connect to Unity Package Manager local server
- Completed reload, in 10.729 seconds
Domain Reload Profiling:
	ReloadAssembly (10730ms)
		BeginReloadAssembly (122ms)
			ExecutionOrderSort (0ms)
			DisableScriptedObjects (8ms)
			BackupInstance (0ms)
			ReleaseScriptingObjects (0ms)
			CreateAndSetChildDomain (24ms)
		EndReloadAssembly (10419ms)
			LoadAssemblies (7221ms)
			RebuildTransferFunctionScriptingTraits (0ms)
			SetupTypeCache (960ms)
				TypeCache.Initialize (939ms)
					TypeCache.ScanAssembly (935ms)
				ResolveRequiredComponents (21ms)
			ReleaseScriptCaches (1ms)
			RebuildScriptCaches (110ms)
			SetupLoadedEditorAssemblies (2065ms)
				LogAssemblyErrors (0ms)
				InitializePlatformSupportModulesInManaged (13ms)
				SetLoadedEditorAssemblies (6ms)
				RefreshPlugins (204ms)
				BeforeProcessingInitializeOnLoad (156ms)
				ProcessInitializeOnLoadAttributes (641ms)
				ProcessInitializeOnLoadMethodAttributes (1037ms)
				AfterProcessingInitializeOnLoad (9ms)
				EditorAssembliesLoaded (0ms)
			ExecutionOrderSort2 (0ms)
			AwakeInstancesAfterBackupRestoration (6ms)
Platform modules already initialized, skipping
========================================================================
Worker process is ready to serve import requests
Shader 'Oculus/OVRMRCameraFrameLit': fallback shader 'Alpha-Diffuse' not found
Launched and connected shader compiler UnityShaderCompiler.exe after 0.04 seconds
Refreshing native plugins compatible for Editor in 2.10 ms, found 8 plugins.
Preloading 1 native plugins for Editor in 0.06 ms.
Unloading 7302 Unused Serialized files (Serialized files now loaded: 0)
Unloading 67 unused Assets / (433.5 KB). Loaded Objects now: 7743.
Memory consumption went from 1.14 GB to 1.14 GB.
Total: 6.560200 ms (FindLiveObjects: 0.638900 ms CreateObjectMapping: 0.758000 ms MarkObjects: 4.764700 ms  DeleteObjects: 0.397300 ms)

AssetImportParameters requested are different than current active one (requested -> active):
  custom:video-decoder-ogg-theora: a1e56fd34408186e4bbccfd4996cb3dc -> 
  custom:container-muxer-webm: aa71ff27fc2769a1b78a27578f13a17b -> 
  custom:container-demuxer-webm: 4f35f7cbe854078d1ac9338744f61a02 -> 
  custom:video-encoder-webm-vp8: eb34c28f22e8b96e1ab97ce403110664 -> 
  custom:audio-encoder-webm-vorbis: bf7c407c2cedff20999df2af8eb42d56 -> 
  custom:framework-win-MediaFoundation: 216162199b28c13a410421893ffa2e32 -> 
  custom:container-demuxer-ogg: 62fdf1f143b41e24485cea50d1cbac27 -> 
  custom:video-decoder-webm-vp8: 9c59270c3fd7afecdb556c50c9e8de78 -> 
  custom:audio-decoder-ogg-vorbis: bf7c407c2cedff20999df2af8eb42d56 -> 
========================================================================
Received Import Request.
  Time since last request: 538198.186472 seconds.
  path: Assets/Assets_Level/Materials/board_cut_blinn1_Height.png
  artifactKey: Guid(07f16e489b1f5014a9eb6971dec7c6e1) Importer(815301076,1909f56bfc062723c751e8b465ee728b)
Start importing Assets/Assets_Level/Materials/board_cut_blinn1_Height.png using Guid(07f16e489b1f5014a9eb6971dec7c6e1) Importer(815301076,1909f56bfc062723c751e8b465ee728b)  -> (artifact id: '412b45e8959e740ccc461137cc68a919') in 0.130283 seconds 
========================================================================
Received Import Request.
  Time since last request: 14058.585143 seconds.
  path: Assets/Assets_Level/Materials/board_cut_blinn1_BaseColor.png
  artifactKey: Guid(c6642e5daae4a9b448f860a4876caed1) Importer(815301076,1909f56bfc062723c751e8b465ee728b)
Start importing Assets/Assets_Level/Materials/board_cut_blinn1_BaseColor.png using Guid(c6642e5daae4a9b448f860a4876caed1) Importer(815301076,1909f56bfc062723c751e8b465ee728b)  -> (artifact id: '8df9f0fc3f80c80b8851cfe49b57a6a5') in 0.107859 seconds 
========================================================================
Received Import Request.
  Time since last request: 25.001939 seconds.
  path: Assets/Assets_Level/Materials/board_cut_blinn1_Roughness.png
  artifactKey: Guid(ba08cac0130932e4cb755592d08ac07e) Importer(815301076,1909f56bfc062723c751e8b465ee728b)
Start importing Assets/Assets_Level/Materials/board_cut_blinn1_Roughness.png using Guid(ba08cac0130932e4cb755592d08ac07e) Importer(815301076,1909f56bfc062723c751e8b465ee728b)  -> (artifact id: 'eb79b8fd6751f4260a2bae5666c80f50') in 0.014948 seconds 
========================================================================
Received Import Request.
  Time since last request: 94.027030 seconds.
  path: Assets/Assets_Level/Materials/board_cut_blinn1_BaseColor.png
  artifactKey: Guid(c6642e5daae4a9b448f860a4876caed1) Importer(815301076,1909f56bfc062723c751e8b465ee728b)
Start importing Assets/Assets_Level/Materials/board_cut_blinn1_BaseColor.png using Guid(c6642e5daae4a9b448f860a4876caed1) Importer(815301076,1909f56bfc062723c751e8b465ee728b)  -> (artifact id: '0e309910df13bf4e6abf31c1075310b8') in 0.014388 seconds 
========================================================================
Received Import Request.
  Time since last request: 196.749119 seconds.
  path: Assets/Assets_Level/Materials/board_cut_blinn1_Normal.png
  artifactKey: Guid(9c5ff40701a906149a343198946d866a) Importer(815301076,1909f56bfc062723c751e8b465ee728b)
Start importing Assets/Assets_Level/Materials/board_cut_blinn1_Normal.png using Guid(9c5ff40701a906149a343198946d866a) Importer(815301076,1909f56bfc062723c751e8b465ee728b)  -> (artifact id: '78538ea9677abacc159a72f61604142c') in 0.073076 seconds 
========================================================================
Received Import Request.
  Time since last request: 0.551897 seconds.
  path: Assets/Assets_Level/Materials/board_cut_blinn1_BaseColor.png
  artifactKey: Guid(c6642e5daae4a9b448f860a4876caed1) Importer(815301076,1909f56bfc062723c751e8b465ee728b)
Start importing Assets/Assets_Level/Materials/board_cut_blinn1_BaseColor.png using Guid(c6642e5daae4a9b448f860a4876caed1) Importer(815301076,1909f56bfc062723c751e8b465ee728b)  -> (artifact id: 'ab4298f3b2dea5177a7ce7aa6b3af591') in 0.014002 seconds 
========================================================================
Received Prepare
Registering precompiled user dll's ...
Registered in 0.011374 seconds.
Begin MonoManager ReloadAssembly
Symbol file LoadedFromMemory doesn't match image C:\Users\Celina\Desktop\Schule\4.SemesterFH\MixedReality\Game\GodCart\Library\PackageCache\com.unity.visualscripting@1.7.8\Editor\VisualScripting.Core\Dependencies\DotNetZip\Unity.VisualScripting.IonicZip.dll
Symbol file LoadedFromMemory doesn't match image C:\Users\Celina\Desktop\Schule\4.SemesterFH\MixedReality\Game\GodCart\Library\PackageCache\com.unity.visualscripting@1.7.8\Editor\VisualScripting.Core\Dependencies\YamlDotNet\Unity.VisualScripting.YamlDotNet.dll
Native extension for WindowsStandalone target not found
Native extension for Android target not found
Refreshing native plugins compatible for Editor in 2.20 ms, found 8 plugins.
Preloading 1 native plugins for Editor in 0.11 ms.
[Package Manager] Server::EnsureServerProcessIsRunning -- launch failed, reason: Unity was launched with the -noUpm command-line argument
[Package Manager] UpmClient::Send -- Unable to send message (not connected to UPM process).
[Package Manager] Cannot connect to Unity Package Manager local server
[Package Manager] Server::EnsureServerProcessIsRunning -- launch failed, reason: Unity was launched with the -noUpm command-line argument
[Package Manager] UpmClient::Send -- Unable to send message (not connected to UPM process).
[Package Manager] Cannot connect to Unity Package Manager local server
Mono: successfully reloaded assembly
[Package Manager] Server::EnsureServerProcessIsRunning -- launch failed, reason: Unity was launched with the -noUpm command-line argument
[Package Manager] UpmClient::Send -- Unable to send message (not connected to UPM process).
[Package Manager] Cannot connect to Unity Package Manager local server
- Completed reload, in  1.605 seconds
Domain Reload Profiling:
	ReloadAssembly (1606ms)
		BeginReloadAssembly (269ms)
			ExecutionOrderSort (0ms)
			DisableScriptedObjects (15ms)
			BackupInstance (0ms)
			ReleaseScriptingObjects (0ms)
			CreateAndSetChildDomain (111ms)
		EndReloadAssembly (1235ms)
			LoadAssemblies (134ms)
			RebuildTransferFunctionScriptingTraits (0ms)
			SetupTypeCache (332ms)
				TypeCache.Initialize (310ms)
					TypeCache.ScanAssembly (302ms)
				ResolveRequiredComponents (22ms)
			ReleaseScriptCaches (2ms)
			RebuildScriptCaches (57ms)
			SetupLoadedEditorAssemblies (672ms)
				LogAssemblyErrors (0ms)
				InitializePlatformSupportModulesInManaged (19ms)
				SetLoadedEditorAssemblies (7ms)
				RefreshPlugins (2ms)
				BeforeProcessingInitializeOnLoad (109ms)
				ProcessInitializeOnLoadAttributes (448ms)
				ProcessInitializeOnLoadMethodAttributes (79ms)
				AfterProcessingInitializeOnLoad (7ms)
				EditorAssembliesLoaded (0ms)
			ExecutionOrderSort2 (0ms)
			AwakeInstancesAfterBackupRestoration (14ms)
Platform modules already initialized, skipping
Shader 'Oculus/OVRMRCameraFrameLit': fallback shader 'Alpha-Diffuse' not found
Refreshing native plugins compatible for Editor in 6.69 ms, found 8 plugins.
Preloading 1 native plugins for Editor in 0.05 ms.
Unloading 7068 Unused Serialized files (Serialized files now loaded: 0)
Unloading 58 unused Assets / (0.6 MB). Loaded Objects now: 7756.
Memory consumption went from 1.10 GB to 1.10 GB.
Total: 4.418500 ms (FindLiveObjects: 0.522000 ms CreateObjectMapping: 0.532200 ms MarkObjects: 3.102800 ms  DeleteObjects: 0.260400 ms)

AssetImportParameters requested are different than current active one (requested -> active):
  custom:video-decoder-ogg-theora: a1e56fd34408186e4bbccfd4996cb3dc -> 
  custom:container-muxer-webm: aa71ff27fc2769a1b78a27578f13a17b -> 
  custom:container-demuxer-webm: 4f35f7cbe854078d1ac9338744f61a02 -> 
  custom:video-encoder-webm-vp8: eb34c28f22e8b96e1ab97ce403110664 -> 
  custom:audio-encoder-webm-vorbis: bf7c407c2cedff20999df2af8eb42d56 -> 
  custom:framework-win-MediaFoundation: 216162199b28c13a410421893ffa2e32 -> 
  custom:container-demuxer-ogg: 62fdf1f143b41e24485cea50d1cbac27 -> 
  custom:video-decoder-webm-vp8: 9c59270c3fd7afecdb556c50c9e8de78 -> 
  custom:audio-decoder-ogg-vorbis: bf7c407c2cedff20999df2af8eb42d56 -> 
========================================================================
Received Import Request.
  Time since last request: 298.025891 seconds.
  path: Assets/Assets_Level/Whaleride
  artifactKey: Guid(969b7551ed707d0499300111d9c15ed0) Importer(815301076,1909f56bfc062723c751e8b465ee728b)
Start importing Assets/Assets_Level/Whaleride using Guid(969b7551ed707d0499300111d9c15ed0) Importer(815301076,1909f56bfc062723c751e8b465ee728b)  -> (artifact id: '8ca6877cb465d50dd42b7016ae47f489') in 0.017653 seconds 
========================================================================
Received Import Request.
  Time since last request: 17.752082 seconds.
  path: Assets/Characters/chariot_green.fbx
  artifactKey: Guid(9b538270753ae0f43b1f30f17cb034fd) Importer(815301076,1909f56bfc062723c751e8b465ee728b)
Start importing Assets/Characters/chariot_green.fbx using Guid(9b538270753ae0f43b1f30f17cb034fd) Importer(815301076,1909f56bfc062723c751e8b465ee728b)  -> (artifact id: '39171c9c2705333edde0854a36558990') in 0.794643 seconds 
========================================================================
Received Import Request.
  Time since last request: 0.000031 seconds.
  path: Assets/Environment/Colors/43 BLUE-MEDIUM.mat
  artifactKey: Guid(4ea8e2de4ac6b564c98a36f67a2ad64f) Importer(815301076,1909f56bfc062723c751e8b465ee728b)
Start importing Assets/Environment/Colors/43 BLUE-MEDIUM.mat using Guid(4ea8e2de4ac6b564c98a36f67a2ad64f) Importer(815301076,1909f56bfc062723c751e8b465ee728b)  -> (artifact id: 'cebdb279505346c106075e03806d06e1') in 0.034534 seconds 
========================================================================
Received Import Request.
  Time since last request: 0.000068 seconds.
  path: Assets/Environment/Colors/44 BLUE.mat
  artifactKey: Guid(0d337a70f9e175348909eb917056c239) Importer(815301076,1909f56bfc062723c751e8b465ee728b)
Start importing Assets/Environment/Colors/44 BLUE.mat using Guid(0d337a70f9e175348909eb917056c239) Importer(815301076,1909f56bfc062723c751e8b465ee728b)  -> (artifact id: '80e05403dac92902013704f1d42f55e6') in 0.022843 seconds 
========================================================================
Received Import Request.
  Time since last request: 0.000036 seconds.
  path: Assets/Environment/Colors/7 SKIN-WHITE.mat
  artifactKey: Guid(816a1e9d58d34d34b85cfabc577a2fa4) Importer(815301076,1909f56bfc062723c751e8b465ee728b)
Start importing Assets/Environment/Colors/7 SKIN-WHITE.mat using Guid(816a1e9d58d34d34b85cfabc577a2fa4) Importer(815301076,1909f56bfc062723c751e8b465ee728b)  -> (artifact id: 'd6e5ec841834538225f81e5bcffd6dfc') in 0.018128 seconds 
========================================================================
Received Import Request.
  Time since last request: 0.000034 seconds.
  path: Assets/Environment/Colors/Emission/59 EMISSION-WHITE.mat
  artifactKey: Guid(f025c5db938b349a8b450e845b67e20a) Importer(815301076,1909f56bfc062723c751e8b465ee728b)
Start importing Assets/Environment/Colors/Emission/59 EMISSION-WHITE.mat using Guid(f025c5db938b349a8b450e845b67e20a) Importer(815301076,1909f56bfc062723c751e8b465ee728b)  -> (artifact id: '18403a49cf8ab02a2c9556278046ad40') in 2.766077 seconds 
========================================================================
Received Import Request.
  Time since last request: 0.000027 seconds.
  path: Assets/Environment/Low Poly Ultimate Pack/M/- Meshes_M/Survival_M/Materials/20 GREY.mat
  artifactKey: Guid(48dcdabb30c28324d929a0d996c8f2a4) Importer(815301076,1909f56bfc062723c751e8b465ee728b)
Start importing Assets/Environment/Low Poly Ultimate Pack/M/- Meshes_M/Survival_M/Materials/20 GREY.mat using Guid(48dcdabb30c28324d929a0d996c8f2a4) Importer(815301076,1909f56bfc062723c751e8b465ee728b)  -> (artifact id: 'cc03058f184ee91493f1530e084162a6') in 0.018127 seconds 
========================================================================
Received Import Request.
  Time since last request: 0.000034 seconds.
  path: Assets/Environment/Low Poly Ultimate Pack/M/- Meshes_M/Props_M/Materials/35 GREEN-MEDIUM.mat
  artifactKey: Guid(2efd6f4ef6ba2f14b807000b456f3497) Importer(815301076,1909f56bfc062723c751e8b465ee728b)
Start importing Assets/Environment/Low Poly Ultimate Pack/M/- Meshes_M/Props_M/Materials/35 GREEN-MEDIUM.mat using Guid(2efd6f4ef6ba2f14b807000b456f3497) Importer(815301076,1909f56bfc062723c751e8b465ee728b)  -> (artifact id: 'b4a48d2fd9ee5b48266265e028476c1a') in 0.016869 seconds 
========================================================================
Received Import Request.
  Time since last request: 0.000028 seconds.
  path: Assets/Environment/Colors/31 YELLOW-LIGHT.mat
  artifactKey: Guid(a6c5db515b4e26a468041e9e22e41af4) Importer(815301076,1909f56bfc062723c751e8b465ee728b)
Start importing Assets/Environment/Colors/31 YELLOW-LIGHT.mat using Guid(a6c5db515b4e26a468041e9e22e41af4) Importer(815301076,1909f56bfc062723c751e8b465ee728b)  -> (artifact id: '8f72e653a1f05a90c255a6c49ccb353b') in 0.017725 seconds 
========================================================================
Received Import Request.
  Time since last request: 0.000031 seconds.
  path: Assets/Environment/Colors/42 BLUE-DARK.mat
  artifactKey: Guid(b064f99cf70b44e47a02b3c08c5bafb5) Importer(815301076,1909f56bfc062723c751e8b465ee728b)
Start importing Assets/Environment/Colors/42 BLUE-DARK.mat using Guid(b064f99cf70b44e47a02b3c08c5bafb5) Importer(815301076,1909f56bfc062723c751e8b465ee728b)  -> (artifact id: '8aa932db8024486fcaefe7e93bc0241a') in 0.019474 seconds 
========================================================================
Received Import Request.
  Time since last request: 0.000022 seconds.
  path: Assets/Environment/Colors/39 GREEN-WHITE.mat
  artifactKey: Guid(668dd8403bdfc6347a3f5b1c412defa1) Importer(815301076,1909f56bfc062723c751e8b465ee728b)
Start importing Assets/Environment/Colors/39 GREEN-WHITE.mat using Guid(668dd8403bdfc6347a3f5b1c412defa1) Importer(815301076,1909f56bfc062723c751e8b465ee728b)  -> (artifact id: '5c3dc6fbcebdc2477da2c70bc5d26baf') in 0.020043 seconds 
========================================================================
Received Import Request.
  Time since last request: 0.000025 seconds.
  path: Assets/Oculus/Spatializer/scenes/materials/AmbisonicObject1.mat
  artifactKey: Guid(584662273d60a0f47bd7fecbb570e66e) Importer(815301076,1909f56bfc062723c751e8b465ee728b)
Start importing Assets/Oculus/Spatializer/scenes/materials/AmbisonicObject1.mat using Guid(584662273d60a0f47bd7fecbb570e66e) Importer(815301076,1909f56bfc062723c751e8b465ee728b)  -> (artifact id: '0332d962beabad03ce3c9d6d8454d08d') in 0.084079 seconds 
========================================================================
Received Import Request.
  Time since last request: 0.000036 seconds.
  path: Assets/Environment/Colors/58 WHITE.mat
  artifactKey: Guid(11a8c080607cf47c299aff53087e0334) Importer(815301076,1909f56bfc062723c751e8b465ee728b)
Start importing Assets/Environment/Colors/58 WHITE.mat using Guid(11a8c080607cf47c299aff53087e0334) Importer(815301076,1909f56bfc062723c751e8b465ee728b)  -> (artifact id: 'e55d15ee1bcad865f1c0c80aca0180bc') in 0.027002 seconds 
========================================================================
Received Import Request.
  Time since last request: 0.000056 seconds.
  path: Assets/Environment/Colors/53 PINK-LIGHT.mat
  artifactKey: Guid(cc039e4bd41a440f793d0b9f704387d3) Importer(815301076,1909f56bfc062723c751e8b465ee728b)
Start importing Assets/Environment/Colors/53 PINK-LIGHT.mat using Guid(cc039e4bd41a440f793d0b9f704387d3) Importer(815301076,1909f56bfc062723c751e8b465ee728b)  -> (artifact id: '4c420ed5f12c8b806fd13e10aa1d50af') in 0.033190 seconds 
========================================================================
Received Import Request.
  Time since last request: 0.000032 seconds.
  path: Assets/Environment/Colors/26 RED-DARK.mat
  artifactKey: Guid(48b31daa83ddb854fadd9402702394e4) Importer(815301076,1909f56bfc062723c751e8b465ee728b)
Start importing Assets/Environment/Colors/26 RED-DARK.mat using Guid(48b31daa83ddb854fadd9402702394e4) Importer(815301076,1909f56bfc062723c751e8b465ee728b)  -> (artifact id: 'eee9e7d705317a5b37c987396013da84') in 0.030790 seconds 
========================================================================
Received Import Request.
  Time since last request: 0.000035 seconds.
  path: Assets/Environment/Colors/9 BROWN-DARKEST.mat
  artifactKey: Guid(3b20fc9e84b968641b7312bdcdd1ffd8) Importer(815301076,1909f56bfc062723c751e8b465ee728b)
Start importing Assets/Environment/Colors/9 BROWN-DARKEST.mat using Guid(3b20fc9e84b968641b7312bdcdd1ffd8) Importer(815301076,1909f56bfc062723c751e8b465ee728b)  -> (artifact id: 'ef54f89509aa5cfd75c7c828e1c5464f') in 0.034462 seconds 
========================================================================
Received Import Request.
  Time since last request: 0.000042 seconds.
  path: Assets/Environment/Colors/1 SKIN-DARKEST.mat
  artifactKey: Guid(7e05ef7409d694c74a16dec33c316bd7) Importer(815301076,1909f56bfc062723c751e8b465ee728b)
Start importing Assets/Environment/Colors/1 SKIN-DARKEST.mat using Guid(7e05ef7409d694c74a16dec33c316bd7) Importer(815301076,1909f56bfc062723c751e8b465ee728b)  -> (artifact id: '8688a7f1492c7b6e9f5e837cce1b2e59') in 0.025552 seconds 
========================================================================
Received Import Request.
  Time since last request: 0.000027 seconds.
  path: Assets/Characters/chariot_purple.fbx
  artifactKey: Guid(1c5f43212d947ea47a5864da492bb0c9) Importer(815301076,1909f56bfc062723c751e8b465ee728b)
Start importing Assets/Characters/chariot_purple.fbx using Guid(1c5f43212d947ea47a5864da492bb0c9) Importer(815301076,1909f56bfc062723c751e8b465ee728b)  -> (artifact id: '47e2d71ffac114870aae64e7e8a1ede3') in 0.526318 seconds 
========================================================================
Received Import Request.
  Time since last request: 0.000036 seconds.
  path: Assets/Environment/Colors/57 BLACK.mat
  artifactKey: Guid(66c05709e04ed42a3a537ad26aca9cb8) Importer(815301076,1909f56bfc062723c751e8b465ee728b)
Start importing Assets/Environment/Colors/57 BLACK.mat using Guid(66c05709e04ed42a3a537ad26aca9cb8) Importer(815301076,1909f56bfc062723c751e8b465ee728b)  -> (artifact id: 'dc8da33880dcc5b50b0cf410a71721eb') in 0.029159 seconds 
========================================================================
Received Import Request.
  Time since last request: 0.000040 seconds.
  path: Assets/Environment/Colors/Emission/61 EMISSION-ORANGE.mat
  artifactKey: Guid(0901bd31274b7c24a907731fa5e16f5f) Importer(815301076,1909f56bfc062723c751e8b465ee728b)
Start importing Assets/Environment/Colors/Emission/61 EMISSION-ORANGE.mat using Guid(0901bd31274b7c24a907731fa5e16f5f) Importer(815301076,1909f56bfc062723c751e8b465ee728b)  -> (artifact id: '071f13c5d24069afd93b07bf719933bb') in 1.982097 seconds 
========================================================================
Received Import Request.
  Time since last request: 41.825198 seconds.
  path: Assets/Oculus/SampleFramework/Usage/Passthrough/Materials/BackgroundSphere.mat
  artifactKey: Guid(039afe42ccf07934083540cfde4596f1) Importer(815301076,1909f56bfc062723c751e8b465ee728b)
Start importing Assets/Oculus/SampleFramework/Usage/Passthrough/Materials/BackgroundSphere.mat using Guid(039afe42ccf07934083540cfde4596f1) Importer(815301076,1909f56bfc062723c751e8b465ee728b)  -> (artifact id: '4787fe42258258768b2388c0fa755c50') in 0.023522 seconds 
========================================================================
Received Import Request.
  Time since last request: 0.000024 seconds.
  path: Assets/Assets_Level/polygonTrees/polygonTrees/models/rocks/blackRock/editableMAterial/blackRockMaterial.mat
  artifactKey: Guid(378f33bb7e5020c928dcfcea78d6b38d) Importer(815301076,1909f56bfc062723c751e8b465ee728b)
Start importing Assets/Assets_Level/polygonTrees/polygonTrees/models/rocks/blackRock/editableMAterial/blackRockMaterial.mat using Guid(378f33bb7e5020c928dcfcea78d6b38d) Importer(815301076,1909f56bfc062723c751e8b465ee728b)  -> (artifact id: 'a7fd48ee6f8fa068ae7d4f74bae6d069') in 0.020838 seconds 
========================================================================
Received Import Request.
  Time since last request: 0.000025 seconds.
  path: Assets/Oculus/SampleFramework/Usage/Passthrough/Materials/BlackUnlit.mat
  artifactKey: Guid(646da484d21bf48d887dedfb481d78f8) Importer(815301076,1909f56bfc062723c751e8b465ee728b)
Start importing Assets/Oculus/SampleFramework/Usage/Passthrough/Materials/BlackUnlit.mat using Guid(646da484d21bf48d887dedfb481d78f8) Importer(815301076,1909f56bfc062723c751e8b465ee728b)  -> (artifact id: '05fba1a48934020065df8768fe4b1fb0') in 0.048741 seconds 
========================================================================
Received Import Request.
  Time since last request: 0.000039 seconds.
  path: Assets/Oculus/SampleFramework/Usage/SceneManager/Materials/Desk.mat
  artifactKey: Guid(5e69d30c83932bd4088b3f65bfd0b98a) Importer(815301076,1909f56bfc062723c751e8b465ee728b)
Start importing Assets/Oculus/SampleFramework/Usage/SceneManager/Materials/Desk.mat using Guid(5e69d30c83932bd4088b3f65bfd0b98a) Importer(815301076,1909f56bfc062723c751e8b465ee728b)  -> (artifact id: '786e925e03a2cd9bc265a0b421d2b403') in 0.021124 seconds 
========================================================================
Received Import Request.
  Time since last request: 0.000042 seconds.
  path: Assets/Oculus/Interaction/Runtime/Materials/CrossMaterial.mat
  artifactKey: Guid(23530cc4d61a63f4c946ccd1b0315b38) Importer(815301076,1909f56bfc062723c751e8b465ee728b)
Start importing Assets/Oculus/Interaction/Runtime/Materials/CrossMaterial.mat using Guid(23530cc4d61a63f4c946ccd1b0315b38) Importer(815301076,1909f56bfc062723c751e8b465ee728b)  -> (artifact id: '80542b475afd281366a917154cc662d2') in 0.058774 seconds 
========================================================================
Received Import Request.
  Time since last request: 0.000021 seconds.
  path: Assets/Oculus/VR/Materials/BasicHandMaterial.mat
  artifactKey: Guid(5ba7d209f622bb44e87b47ce27ee27b7) Importer(815301076,1909f56bfc062723c751e8b465ee728b)
Start importing Assets/Oculus/VR/Materials/BasicHandMaterial.mat using Guid(5ba7d209f622bb44e87b47ce27ee27b7) Importer(815301076,1909f56bfc062723c751e8b465ee728b)  -> (artifact id: '089dfd9a4cd259455408de670929d0a4') in 0.026663 seconds 
========================================================================
Received Import Request.
  Time since last request: 0.000030 seconds.
  path: Assets/Oculus/SampleFramework/Usage/SharedAssets/Materials/Ball03.mat
  artifactKey: Guid(d73f8afe478afde498d6b36047a52c73) Importer(815301076,1909f56bfc062723c751e8b465ee728b)
Start importing Assets/Oculus/SampleFramework/Usage/SharedAssets/Materials/Ball03.mat using Guid(d73f8afe478afde498d6b36047a52c73) Importer(815301076,1909f56bfc062723c751e8b465ee728b)  -> (artifact id: '1cd6e250efbec9cd19ce4cbea059aafe') in 0.017435 seconds 
========================================================================
Received Import Request.
  Time since last request: 0.000036 seconds.
  path: Assets/Oculus/Interaction/Samples/Objects/Props/Materials/CubeMaterialBlue.mat
  artifactKey: Guid(d4b438dc8ad501b49a2690e746518b8e) Importer(815301076,1909f56bfc062723c751e8b465ee728b)
Start importing Assets/Oculus/Interaction/Samples/Objects/Props/Materials/CubeMaterialBlue.mat using Guid(d4b438dc8ad501b49a2690e746518b8e) Importer(815301076,1909f56bfc062723c751e8b465ee728b)  -> (artifact id: 'aca98f1d651b870d207bd1dc42cf9b36') in 0.022432 seconds 
========================================================================
Received Import Request.
  Time since last request: 0.000025 seconds.
  path: Assets/Assets_Level/MaximeBrunoni/BridgesPack/Art/Materials/BridgeHanging.mat
  artifactKey: Guid(a5c88f5ceb5dadc4a948359149697782) Importer(815301076,1909f56bfc062723c751e8b465ee728b)
Start importing Assets/Assets_Level/MaximeBrunoni/BridgesPack/Art/Materials/BridgeHanging.mat using Guid(a5c88f5ceb5dadc4a948359149697782) Importer(815301076,1909f56bfc062723c751e8b465ee728b)  -> (artifact id: '17b7ef8e364618fc510c5cffd1e78899') in 0.139936 seconds 
========================================================================
Received Import Request.
  Time since last request: 0.000080 seconds.
  path: Assets/Oculus/Interaction/Runtime/Materials/DebugUnlitMaterial.mat
  artifactKey: Guid(32c9cae82fc27e4429ecd48a7c3ea496) Importer(815301076,1909f56bfc062723c751e8b465ee728b)
Start importing Assets/Oculus/Interaction/Runtime/Materials/DebugUnlitMaterial.mat using Guid(32c9cae82fc27e4429ecd48a7c3ea496) Importer(815301076,1909f56bfc062723c751e8b465ee728b)  -> (artifact id: '666ab897732fda7183669ab2bc42ae72') in 0.020875 seconds 
========================================================================
Received Import Request.
  Time since last request: 0.000034 seconds.
  path: Assets/Oculus/Interaction/Samples/Objects/Props/CoffeeCup/CoffeeCupMat.mat
  artifactKey: Guid(b456eb5028a92da499e79da1ac0eccdb) Importer(815301076,1909f56bfc062723c751e8b465ee728b)
Start importing Assets/Oculus/Interaction/Samples/Objects/Props/CoffeeCup/CoffeeCupMat.mat using Guid(b456eb5028a92da499e79da1ac0eccdb) Importer(815301076,1909f56bfc062723c751e8b465ee728b)  -> (artifact id: '13660966db02f4701afdb4dadeb9f706') in 0.077384 seconds 
========================================================================
Received Import Request.
  Time since last request: 0.000044 seconds.
  path: Assets/Oculus/SampleFramework/Usage/SceneManager/Materials/Ceiling.mat
  artifactKey: Guid(e84b08dfae603654ca8b369fa516ab8a) Importer(815301076,1909f56bfc062723c751e8b465ee728b)
Start importing Assets/Oculus/SampleFramework/Usage/SceneManager/Materials/Ceiling.mat using Guid(e84b08dfae603654ca8b369fa516ab8a) Importer(815301076,1909f56bfc062723c751e8b465ee728b)  -> (artifact id: '5bdd3607905f2f029760307475796156') in 0.030534 seconds 
========================================================================
Received Import Request.
  Time since last request: 0.000038 seconds.
  path: Assets/Oculus/VR/Materials/CubeMaterial.mat
  artifactKey: Guid(62db2d638434d5a488dfb1e789e34b37) Importer(815301076,1909f56bfc062723c751e8b465ee728b)
Start importing Assets/Oculus/VR/Materials/CubeMaterial.mat using Guid(62db2d638434d5a488dfb1e789e34b37) Importer(815301076,1909f56bfc062723c751e8b465ee728b)  -> (artifact id: '79457430ac58f680101d6138c6a80322') in 0.039800 seconds 
========================================================================
Received Import Request.
  Time since last request: 0.000112 seconds.
  path: Packages/com.unity.render-pipelines.universal/Runtime/Materials/Decal.mat
  artifactKey: Guid(31d0dcc6f2dd4e4408d18036a2c93862) Importer(815301076,1909f56bfc062723c751e8b465ee728b)
Start importing Packages/com.unity.render-pipelines.universal/Runtime/Materials/Decal.mat using Guid(31d0dcc6f2dd4e4408d18036a2c93862) Importer(815301076,1909f56bfc062723c751e8b465ee728b)  -> (artifact id: '3301fb93ec196091a8120d53cdf3395f') in 0.028618 seconds 
========================================================================
Received Import Request.
  Time since last request: 0.000037 seconds.
  path: Assets/Assets_Level/polygonTrees/polygonTrees/models/rocks/blackRock/blackRock.fbx
  artifactKey: Guid(3409899a9e78caa6191f715ddafe62cd) Importer(815301076,1909f56bfc062723c751e8b465ee728b)
Start importing Assets/Assets_Level/polygonTrees/polygonTrees/models/rocks/blackRock/blackRock.fbx using Guid(3409899a9e78caa6191f715ddafe62cd) Importer(815301076,1909f56bfc062723c751e8b465ee728b)  -> (artifact id: '080bdea745a548ecefecd3c5eda0db3d') in 0.042058 seconds 
========================================================================
Received Import Request.
  Time since last request: 0.000055 seconds.
  path: Assets/Oculus/SampleFramework/Usage/HandsTrainExample/Materials/ControllerBox.mat
  artifactKey: Guid(520a8c6c6d409b44d921cd1e654d1807) Importer(815301076,1909f56bfc062723c751e8b465ee728b)
Start importing Assets/Oculus/SampleFramework/Usage/HandsTrainExample/Materials/ControllerBox.mat using Guid(520a8c6c6d409b44d921cd1e654d1807) Importer(815301076,1909f56bfc062723c751e8b465ee728b)  -> (artifact id: '3b1c4d6520c2f748c0e55f996e4c58f6') in 0.032066 seconds 
========================================================================
Received Import Request.
  Time since last request: 0.000038 seconds.
  path: Assets/Oculus/SampleFramework/Usage/DistanceGrab/Materials/Ball10WithOutline.mat
  artifactKey: Guid(d00d1a54e2eb041f4aaa2e3a08cd3e93) Importer(815301076,1909f56bfc062723c751e8b465ee728b)
Start importing Assets/Oculus/SampleFramework/Usage/DistanceGrab/Materials/Ball10WithOutline.mat using Guid(d00d1a54e2eb041f4aaa2e3a08cd3e93) Importer(815301076,1909f56bfc062723c751e8b465ee728b)  -> (artifact id: '83d40a6ad1d0a4c3669226b454497565') in 0.055451 seconds 
========================================================================
Received Import Request.
  Time since last request: 0.000026 seconds.
  path: Assets/Oculus/VR/Materials/cursor_timer_material.mat
  artifactKey: Guid(9531aa878fd5c4749b288b72024e8d2f) Importer(815301076,1909f56bfc062723c751e8b465ee728b)
Start importing Assets/Oculus/VR/Materials/cursor_timer_material.mat using Guid(9531aa878fd5c4749b288b72024e8d2f) Importer(815301076,1909f56bfc062723c751e8b465ee728b)  -> (artifact id: 'fccd126af82a28e2849f29ddcabbbff6') in 0.035745 seconds 
========================================================================
Received Import Request.
  Time since last request: 0.000043 seconds.
  path: Assets/Oculus/SampleFramework/Core/HandsInteraction/Materials/DefaultHandMaterial.mat
  artifactKey: Guid(8f92ce6a2e9e04e458f46e6a635b1d62) Importer(815301076,1909f56bfc062723c751e8b465ee728b)
Start importing Assets/Oculus/SampleFramework/Core/HandsInteraction/Materials/DefaultHandMaterial.mat using Guid(8f92ce6a2e9e04e458f46e6a635b1d62) Importer(815301076,1909f56bfc062723c751e8b465ee728b)  -> (artifact id: '5ddc4af80becb2137507f16dabd8d40c') in 0.018079 seconds 
Editor requested this worker to shutdown with reason: Scaling down because of idle timeout
AssetImportWorker is now disconnected from the server
Process exiting
Exiting without the bug reporter. Application will terminate with return code 0