Using pre-set license
Built from '2022.1/staging' branch; Version is '2022.1.23f1 (9636b062134a) revision 9844400'; Using compiler version '192829333'; Build Type 'Release'
OS: 'Windows 10  (10.0.19045) 64bit Professional' Language: 'de' Physical Memory: 32698 MB
BatchMode: 1, IsHumanControllingUs: 0, StartBugReporterOnCrash: 0, Is64bit: 1, IsPro: 1

COMMAND LINE ARGUMENTS:
C:\Program Files\Unity\Hub\Editor\2022.1.23f1\Editor\Unity.exe
-adb2
-batchMode
-noUpm
-name
AssetImportWorker11
-projectPath
C:/Users/Celina/Desktop/Schule/4.SemesterFH/MixedReality/Game/GodCart
-logFile
Logs/AssetImportWorker11.log
-srvPort
62583
Successfully changed project path to: C:/Users/Celina/Desktop/Schule/4.SemesterFH/MixedReality/Game/GodCart
C:/Users/Celina/Desktop/Schule/4.SemesterFH/MixedReality/Game/GodCart
[UnityMemory] Configuration Parameters - Can be set up in boot.config
    "memorysetup-bucket-allocator-granularity=16"
    "memorysetup-bucket-allocator-bucket-count=8"
    "memorysetup-bucket-allocator-block-size=33554432"
    "memorysetup-bucket-allocator-block-count=8"
    "memorysetup-main-allocator-block-size=16777216"
    "memorysetup-thread-allocator-block-size=16777216"
    "memorysetup-gfx-main-allocator-block-size=16777216"
    "memorysetup-gfx-thread-allocator-block-size=16777216"
    "memorysetup-cache-allocator-block-size=4194304"
    "memorysetup-typetree-allocator-block-size=2097152"
    "memorysetup-profiler-bucket-allocator-granularity=16"
    "memorysetup-profiler-bucket-allocator-bucket-count=8"
    "memorysetup-profiler-bucket-allocator-block-size=33554432"
    "memorysetup-profiler-bucket-allocator-block-count=8"
    "memorysetup-profiler-allocator-block-size=16777216"
    "memorysetup-profiler-editor-allocator-block-size=1048576"
    "memorysetup-temp-allocator-size-main=16777216"
    "memorysetup-job-temp-allocator-block-size=2097152"
    "memorysetup-job-temp-allocator-block-size-background=1048576"
    "memorysetup-job-temp-allocator-reduction-small-platforms=262144"
    "memorysetup-temp-allocator-size-background-worker=32768"
    "memorysetup-temp-allocator-size-job-worker=262144"
    "memorysetup-temp-allocator-size-preload-manager=33554432"
    "memorysetup-temp-allocator-size-nav-mesh-worker=65536"
    "memorysetup-temp-allocator-size-audio-worker=65536"
    "memorysetup-temp-allocator-size-cloud-worker=32768"
    "memorysetup-temp-allocator-size-gi-baking-worker=262144"
    "memorysetup-temp-allocator-size-gfx=262144"
Refreshing native plugins compatible for Editor in 332.44 ms, found 8 plugins.
Preloading 1 native plugins for Editor in 0.86 ms.
Initialize engine version: 2022.1.23f1 (9636b062134a)
[Subsystems] Discovering subsystems at path C:/Program Files/Unity/Hub/Editor/2022.1.23f1/Editor/Data/Resources/UnitySubsystems
[Subsystems] Discovering subsystems at path C:/Users/Celina/Desktop/Schule/4.SemesterFH/MixedReality/Game/GodCart/Assets
GfxDevice: creating device client; threaded=0; jobified=0
Direct3D:
    Version:  Direct3D 11.0 [level 11.1]
    Renderer: NVIDIA GeForce GTX 1080 (ID=0x1b80)
    Vendor:   NVIDIA
    VRAM:     8072 MB
    Driver:   31.0.15.3179
Shader 'Oculus/OVRMRCameraFrameLit': fallback shader 'Alpha-Diffuse' not found
Initialize mono
Mono path[0] = 'C:/Program Files/Unity/Hub/Editor/2022.1.23f1/Editor/Data/Managed'
Mono path[1] = 'C:/Program Files/Unity/Hub/Editor/2022.1.23f1/Editor/Data/MonoBleedingEdge/lib/mono/unityjit-win32'
Mono config path = 'C:/Program Files/Unity/Hub/Editor/2022.1.23f1/Editor/Data/MonoBleedingEdge/etc'
Using monoOptions --debugger-agent=transport=dt_socket,embedding=1,server=y,suspend=n,address=127.0.0.1:56276
Begin MonoManager ReloadAssembly
Registering precompiled unity dll's ...
Register platform support module: C:/Program Files/Unity/Hub/Editor/2022.1.23f1/Editor/Data/PlaybackEngines/AndroidPlayer/UnityEditor.Android.Extensions.dll
Register platform support module: C:/Program Files/Unity/Hub/Editor/2022.1.23f1/Editor/Data/PlaybackEngines/WindowsStandaloneSupport/UnityEditor.WindowsStandalone.Extensions.dll
Registered in 0.011488 seconds.
Native extension for WindowsStandalone target not found
Native extension for Android target not found
Refreshing native plugins compatible for Editor in 187.61 ms, found 8 plugins.
Preloading 1 native plugins for Editor in 0.16 ms.
Mono: successfully reloaded assembly
- Completed reload, in  0.833 seconds
Domain Reload Profiling:
	ReloadAssembly (834ms)
		BeginReloadAssembly (84ms)
			ExecutionOrderSort (0ms)
			DisableScriptedObjects (0ms)
			BackupInstance (0ms)
			ReleaseScriptingObjects (0ms)
			CreateAndSetChildDomain (1ms)
		EndReloadAssembly (615ms)
			LoadAssemblies (82ms)
			RebuildTransferFunctionScriptingTraits (0ms)
			SetupTypeCache (123ms)
				TypeCache.Initialize (123ms)
					TypeCache.ScanAssembly (121ms)
				ResolveRequiredComponents (1ms)
			ReleaseScriptCaches (0ms)
			RebuildScriptCaches (28ms)
			SetupLoadedEditorAssemblies (408ms)
				LogAssemblyErrors (0ms)
				InitializePlatformSupportModulesInManaged (56ms)
				SetLoadedEditorAssemblies (10ms)
				RefreshPlugins (188ms)
				BeforeProcessingInitializeOnLoad (1ms)
				ProcessInitializeOnLoadAttributes (105ms)
				ProcessInitializeOnLoadMethodAttributes (48ms)
				AfterProcessingInitializeOnLoad (0ms)
				EditorAssembliesLoaded (0ms)
			ExecutionOrderSort2 (0ms)
			AwakeInstancesAfterBackupRestoration (0ms)
Platform modules already initialized, skipping
Registering precompiled user dll's ...
Registered in 0.010160 seconds.
Begin MonoManager ReloadAssembly
Symbol file LoadedFromMemory doesn't match image C:\Users\Celina\Desktop\Schule\4.SemesterFH\MixedReality\Game\GodCart\Library\PackageCache\com.unity.visualscripting@1.7.8\Editor\VisualScripting.Core\Dependencies\DotNetZip\Unity.VisualScripting.IonicZip.dll
Symbol file LoadedFromMemory doesn't match image C:\Users\Celina\Desktop\Schule\4.SemesterFH\MixedReality\Game\GodCart\Library\PackageCache\com.unity.visualscripting@1.7.8\Editor\VisualScripting.Core\Dependencies\YamlDotNet\Unity.VisualScripting.YamlDotNet.dll
Native extension for WindowsStandalone target not found
Native extension for Android target not found
Refreshing native plugins compatible for Editor in 182.08 ms, found 8 plugins.
Preloading 1 native plugins for Editor in 0.20 ms.
Package Manager log level set to [2]
[Package Manager] Server::EnsureServerProcessIsRunning -- launch failed, reason: Unity was launched with the -noUpm command-line argument
[Package Manager] UpmClient::Send -- Unable to send message (not connected to UPM process).
[Package Manager] Cannot connect to Unity Package Manager local server
[Package Manager] Server::EnsureServerProcessIsRunning -- launch failed, reason: Unity was launched with the -noUpm command-line argument
[Package Manager] UpmClient::Send -- Unable to send message (not connected to UPM process).
[Package Manager] Cannot connect to Unity Package Manager local server
[XR] OculusXRPlugin: registering subsystems
[XR] Unable to register display lifecyle provider: [1]
[XR] Oculus Input lifecycle provider registered.
[XR] Unable to register input lifecyle provider: [1]
[XR] OVRP version 1.82.0
Mono: successfully reloaded assembly
[Package Manager] Server::EnsureServerProcessIsRunning -- launch failed, reason: Unity was launched with the -noUpm command-line argument
[Package Manager] UpmClient::Send -- Unable to send message (not connected to UPM process).
[Package Manager] Cannot connect to Unity Package Manager local server
[Package Manager] Server::EnsureServerProcessIsRunning -- launch failed, reason: Unity was launched with the -noUpm command-line argument
[Package Manager] UpmClient::Send -- Unable to send message (not connected to UPM process).
[Package Manager] Cannot connect to Unity Package Manager local server
- Completed reload, in  2.148 seconds
Domain Reload Profiling:
	ReloadAssembly (2149ms)
		BeginReloadAssembly (235ms)
			ExecutionOrderSort (0ms)
			DisableScriptedObjects (6ms)
			BackupInstance (0ms)
			ReleaseScriptingObjects (0ms)
			CreateAndSetChildDomain (133ms)
		EndReloadAssembly (1795ms)
			LoadAssemblies (107ms)
			RebuildTransferFunctionScriptingTraits (0ms)
			SetupTypeCache (550ms)
				TypeCache.Initialize (498ms)
					TypeCache.ScanAssembly (489ms)
				ResolveRequiredComponents (52ms)
			ReleaseScriptCaches (4ms)
			RebuildScriptCaches (152ms)
			SetupLoadedEditorAssemblies (884ms)
				LogAssemblyErrors (0ms)
				InitializePlatformSupportModulesInManaged (15ms)
				SetLoadedEditorAssemblies (6ms)
				RefreshPlugins (182ms)
				BeforeProcessingInitializeOnLoad (136ms)
				ProcessInitializeOnLoadAttributes (459ms)
				ProcessInitializeOnLoadMethodAttributes (77ms)
				AfterProcessingInitializeOnLoad (8ms)
				EditorAssembliesLoaded (0ms)
			ExecutionOrderSort2 (0ms)
			AwakeInstancesAfterBackupRestoration (5ms)
Platform modules already initialized, skipping
========================================================================
Worker process is ready to serve import requests
Shader 'Oculus/OVRMRCameraFrameLit': fallback shader 'Alpha-Diffuse' not found
Launched and connected shader compiler UnityShaderCompiler.exe after 0.04 seconds
Refreshing native plugins compatible for Editor in 3.64 ms, found 8 plugins.
Preloading 1 native plugins for Editor in 0.10 ms.
Unloading 7307 Unused Serialized files (Serialized files now loaded: 0)
Unloading 68 unused Assets / (0.6 MB). Loaded Objects now: 7750.
Memory consumption went from 1.14 GB to 1.14 GB.
Total: 6.906100 ms (FindLiveObjects: 0.711700 ms CreateObjectMapping: 0.934200 ms MarkObjects: 4.771700 ms  DeleteObjects: 0.487300 ms)

AssetImportParameters requested are different than current active one (requested -> active):
  custom:video-decoder-ogg-theora: a1e56fd34408186e4bbccfd4996cb3dc -> 
  custom:container-muxer-webm: aa71ff27fc2769a1b78a27578f13a17b -> 
  custom:container-demuxer-webm: 4f35f7cbe854078d1ac9338744f61a02 -> 
  custom:video-encoder-webm-vp8: eb34c28f22e8b96e1ab97ce403110664 -> 
  custom:audio-encoder-webm-vorbis: bf7c407c2cedff20999df2af8eb42d56 -> 
  custom:framework-win-MediaFoundation: 216162199b28c13a410421893ffa2e32 -> 
  custom:container-demuxer-ogg: 62fdf1f143b41e24485cea50d1cbac27 -> 
  custom:video-decoder-webm-vp8: 9c59270c3fd7afecdb556c50c9e8de78 -> 
  custom:audio-decoder-ogg-vorbis: bf7c407c2cedff20999df2af8eb42d56 -> 
========================================================================
Received Import Request.
  Time since last request: 560559.706870 seconds.
  path: Assets/Environment/Low Poly Ultimate Pack/M/- Prefabs_M/Nature_M/Stones_M/stone-flat.prefab
  artifactKey: Guid(7f4e80c0be7bba54d99917b1fd9852a4) Importer(815301076,1909f56bfc062723c751e8b465ee728b)
Start importing Assets/Environment/Low Poly Ultimate Pack/M/- Prefabs_M/Nature_M/Stones_M/stone-flat.prefab using Guid(7f4e80c0be7bba54d99917b1fd9852a4) Importer(815301076,1909f56bfc062723c751e8b465ee728b)  -> (artifact id: '19b16e94c3cbc351802e542552b70c67') in 0.339835 seconds 
========================================================================
Received Import Request.
  Time since last request: 2.848110 seconds.
  path: Assets/Environment/Low Poly Ultimate Pack/T/- Prefabs_T/Nature_T/Stones_T/stone-oval_white.prefab
  artifactKey: Guid(fc3700cef4d097d4aa4d786c37576947) Importer(815301076,1909f56bfc062723c751e8b465ee728b)
Start importing Assets/Environment/Low Poly Ultimate Pack/T/- Prefabs_T/Nature_T/Stones_T/stone-oval_white.prefab using Guid(fc3700cef4d097d4aa4d786c37576947) Importer(815301076,1909f56bfc062723c751e8b465ee728b)  -> (artifact id: 'c0a8da9a1dc0da6a97c21770de25d8d9') in 0.019087 seconds 
========================================================================
Received Import Request.
  Time since last request: 0.000049 seconds.
  path: Assets/Environment/Low Poly Ultimate Pack/T/- Meshes_T/Nature_T/stone-pointy_brown.fbx
  artifactKey: Guid(21535aaa12c8a4e76b68fb226a7b89a0) Importer(815301076,1909f56bfc062723c751e8b465ee728b)
Start importing Assets/Environment/Low Poly Ultimate Pack/T/- Meshes_T/Nature_T/stone-pointy_brown.fbx using Guid(21535aaa12c8a4e76b68fb226a7b89a0) Importer(815301076,1909f56bfc062723c751e8b465ee728b)  -> (artifact id: '3a66dd83f830d8262c5c6a3a31f1b4b7') in 0.041421 seconds 
========================================================================
Received Import Request.
  Time since last request: 0.279674 seconds.
  path: Assets/Environment/Low Poly Ultimate Pack/T/- Meshes_T/Nature_T/stone-pointy_white.fbx
  artifactKey: Guid(3a133e8702e1445feb6c4785b02080e9) Importer(815301076,1909f56bfc062723c751e8b465ee728b)
Start importing Assets/Environment/Low Poly Ultimate Pack/T/- Meshes_T/Nature_T/stone-pointy_white.fbx using Guid(3a133e8702e1445feb6c4785b02080e9) Importer(815301076,1909f56bfc062723c751e8b465ee728b)  -> (artifact id: 'd1fc31aa82e7c205cbf193dfb93d9fa9') in 0.018335 seconds 
========================================================================
Received Import Request.
  Time since last request: 0.000032 seconds.
  path: Assets/Environment/Low Poly Ultimate Pack/T/- Meshes_T/Nature_T/stone-round_brown.fbx
  artifactKey: Guid(9d1727bc1fc0547fcbae08fc0118f521) Importer(815301076,1909f56bfc062723c751e8b465ee728b)
Start importing Assets/Environment/Low Poly Ultimate Pack/T/- Meshes_T/Nature_T/stone-round_brown.fbx using Guid(9d1727bc1fc0547fcbae08fc0118f521) Importer(815301076,1909f56bfc062723c751e8b465ee728b)  -> (artifact id: '31d5bbaecefc81ff5bcdac93e5315f3c') in 0.028289 seconds 
========================================================================
Received Import Request.
  Time since last request: 0.000033 seconds.
  path: Assets/Environment/Low Poly Ultimate Pack/M/- Meshes_M/Nature_M/Stones_M/stone-small.fbx
  artifactKey: Guid(2448b6a53d6c85a4e8c714d6bbae47f9) Importer(815301076,1909f56bfc062723c751e8b465ee728b)
Start importing Assets/Environment/Low Poly Ultimate Pack/M/- Meshes_M/Nature_M/Stones_M/stone-small.fbx using Guid(2448b6a53d6c85a4e8c714d6bbae47f9) Importer(815301076,1909f56bfc062723c751e8b465ee728b)  -> (artifact id: '4765ef4589f4617a0f6022adbf84ee83') in 0.024790 seconds 
========================================================================
Received Import Request.
  Time since last request: 0.000029 seconds.
  path: Assets/Environment/Low Poly Ultimate Pack/T/- Meshes_T/Nature_T/stone-small_brown.fbx
  artifactKey: Guid(f0c6b09aa079a476a90c00e80fda151f) Importer(815301076,1909f56bfc062723c751e8b465ee728b)
Start importing Assets/Environment/Low Poly Ultimate Pack/T/- Meshes_T/Nature_T/stone-small_brown.fbx using Guid(f0c6b09aa079a476a90c00e80fda151f) Importer(815301076,1909f56bfc062723c751e8b465ee728b)  -> (artifact id: '50ad49936ad96c27b6671ec0914eb812') in 0.020411 seconds 
========================================================================
Received Import Request.
  Time since last request: 0.000028 seconds.
  path: Assets/Environment/Low Poly Ultimate Pack/T/- Prefabs_T/Nature_T/Stones_T/stone-snow.prefab
  artifactKey: Guid(87e8ac615d3b3034d940f3e847066256) Importer(815301076,1909f56bfc062723c751e8b465ee728b)
Start importing Assets/Environment/Low Poly Ultimate Pack/T/- Prefabs_T/Nature_T/Stones_T/stone-snow.prefab using Guid(87e8ac615d3b3034d940f3e847066256) Importer(815301076,1909f56bfc062723c751e8b465ee728b)  -> (artifact id: '9c6ebb9e6269a0a8b24340b6dd416aca') in 0.020746 seconds 
========================================================================
Received Import Request.
  Time since last request: 3.215883 seconds.
  path: Assets/Oculus/Interaction/Samples/Objects/Props/StonePolyhedra/StoneCube.prefab
  artifactKey: Guid(e3b826e8a7103bc49af231259b274c97) Importer(815301076,1909f56bfc062723c751e8b465ee728b)
Start importing Assets/Oculus/Interaction/Samples/Objects/Props/StonePolyhedra/StoneCube.prefab using Guid(e3b826e8a7103bc49af231259b274c97) Importer(815301076,1909f56bfc062723c751e8b465ee728b)  -> (artifact id: '64e1dbc5cf123c5e187c07e222f0080f') in 0.133283 seconds 
========================================================================
Received Import Request.
  Time since last request: 0.000039 seconds.
  path: Assets/Environment/Low Poly Ultimate Pack/M/- Meshes_M/Medieval_M/wall-medieval-stone.fbx
  artifactKey: Guid(6a250755a3cd9d746b8fcd1f48148094) Importer(815301076,1909f56bfc062723c751e8b465ee728b)
Start importing Assets/Environment/Low Poly Ultimate Pack/M/- Meshes_M/Medieval_M/wall-medieval-stone.fbx using Guid(6a250755a3cd9d746b8fcd1f48148094) Importer(815301076,1909f56bfc062723c751e8b465ee728b)  -> (artifact id: '3826fac09b323a660773de1273bd1f86') in 0.029601 seconds 
========================================================================
Received Import Request.
  Time since last request: 7.772639 seconds.
  path: Assets/Environment/Low Poly Ultimate Pack/M/- Prefabs_M/Nature_M/Stones_M
  artifactKey: Guid(c56e42ad41edb534390a1e80b0603999) Importer(815301076,1909f56bfc062723c751e8b465ee728b)
Start importing Assets/Environment/Low Poly Ultimate Pack/M/- Prefabs_M/Nature_M/Stones_M using Guid(c56e42ad41edb534390a1e80b0603999) Importer(815301076,1909f56bfc062723c751e8b465ee728b)  -> (artifact id: 'd71405fc7157cb4fced18cce1cf804c6') in 0.007660 seconds 
========================================================================
Received Import Request.
  Time since last request: 13.031160 seconds.
  path: Assets/Environment/Low Poly Ultimate Pack/M/- Meshes_M
  artifactKey: Guid(b238cf048f8734e368939e62c88dd1df) Importer(815301076,1909f56bfc062723c751e8b465ee728b)
Start importing Assets/Environment/Low Poly Ultimate Pack/M/- Meshes_M using Guid(b238cf048f8734e368939e62c88dd1df) Importer(815301076,1909f56bfc062723c751e8b465ee728b)  -> (artifact id: 'c8bc7e74d51bd416ddee30ff9fa40485') in 0.007276 seconds 
========================================================================
Received Import Request.
  Time since last request: 5.891526 seconds.
  path: Assets/Environment/Colors
  artifactKey: Guid(f3f232418f5e5de45bf0dc1e35e8bcef) Importer(815301076,1909f56bfc062723c751e8b465ee728b)
Start importing Assets/Environment/Colors using Guid(f3f232418f5e5de45bf0dc1e35e8bcef) Importer(815301076,1909f56bfc062723c751e8b465ee728b)  -> (artifact id: '534c197a9b88cfdf965faf1a6d42f5b2') in 0.008206 seconds 
========================================================================
Received Import Request.
  Time since last request: 2.161166 seconds.
  path: Assets/Environment/Colors/Transparent
  artifactKey: Guid(5c18196ec5848413b92fdb64b2434201) Importer(815301076,1909f56bfc062723c751e8b465ee728b)
Start importing Assets/Environment/Colors/Transparent using Guid(5c18196ec5848413b92fdb64b2434201) Importer(815301076,1909f56bfc062723c751e8b465ee728b)  -> (artifact id: '55ef9028410e86f61778d873d21a284c') in 0.006342 seconds 
========================================================================
Received Import Request.
  Time since last request: 13.642921 seconds.
  path: Assets/Environment/Colors/Emission
  artifactKey: Guid(514be6abaa9934c08aeb13f1885facb2) Importer(815301076,1909f56bfc062723c751e8b465ee728b)
Start importing Assets/Environment/Colors/Emission using Guid(514be6abaa9934c08aeb13f1885facb2) Importer(815301076,1909f56bfc062723c751e8b465ee728b)  -> (artifact id: 'd107bf62f0042017d69508884f5fab5f') in 0.005547 seconds 
========================================================================
Received Import Request.
  Time since last request: 513.677956 seconds.
  path: Assets/Assets_Level/Materials/ground/board_cut_blinn1_BaseColor.png
  artifactKey: Guid(c6642e5daae4a9b448f860a4876caed1) Importer(815301076,1909f56bfc062723c751e8b465ee728b)
Start importing Assets/Assets_Level/Materials/ground/board_cut_blinn1_BaseColor.png using Guid(c6642e5daae4a9b448f860a4876caed1) Importer(815301076,1909f56bfc062723c751e8b465ee728b)  -> (artifact id: 'f4738ffdfc65ffca6151832b36e5df82') in 0.031311 seconds 
========================================================================
Received Import Request.
  Time since last request: 0.000034 seconds.
  path: Assets/Assets_Level/Materials/ground/board_cut_blinn1_Roughness.png
  artifactKey: Guid(ba08cac0130932e4cb755592d08ac07e) Importer(815301076,1909f56bfc062723c751e8b465ee728b)
Start importing Assets/Assets_Level/Materials/ground/board_cut_blinn1_Roughness.png using Guid(ba08cac0130932e4cb755592d08ac07e) Importer(815301076,1909f56bfc062723c751e8b465ee728b)  -> (artifact id: 'f1ea27ef54763bb8a55d2f1a077fc1b6') in 0.014834 seconds 
========================================================================
Received Import Request.
  Time since last request: 0.000027 seconds.
  path: Assets/Assets_Level/Materials/ground/board_cut_blinn1_Normal.png
  artifactKey: Guid(9c5ff40701a906149a343198946d866a) Importer(815301076,1909f56bfc062723c751e8b465ee728b)
Start importing Assets/Assets_Level/Materials/ground/board_cut_blinn1_Normal.png using Guid(9c5ff40701a906149a343198946d866a) Importer(815301076,1909f56bfc062723c751e8b465ee728b)  -> (artifact id: '41de2dc1685b22da49bc1db930a31379') in 0.025699 seconds 
========================================================================
Received Import Request.
  Time since last request: 14.381029 seconds.
  path: Assets/Assets_Level/Materials/ground/board_cut_blinn1_BaseColor.png
  artifactKey: Guid(c6642e5daae4a9b448f860a4876caed1) Importer(815301076,1909f56bfc062723c751e8b465ee728b)
Start importing Assets/Assets_Level/Materials/ground/board_cut_blinn1_BaseColor.png using Guid(c6642e5daae4a9b448f860a4876caed1) Importer(815301076,1909f56bfc062723c751e8b465ee728b)  -> (artifact id: '5b07472011355e13ca14677ba01fbde3') in 0.017816 seconds 
========================================================================
Received Import Request.
  Time since last request: 3.337074 seconds.
  path: Assets/Assets_Level/Materials/ground/board_cut_blinn1_Normal.png
  artifactKey: Guid(9c5ff40701a906149a343198946d866a) Importer(815301076,1909f56bfc062723c751e8b465ee728b)
Start importing Assets/Assets_Level/Materials/ground/board_cut_blinn1_Normal.png using Guid(9c5ff40701a906149a343198946d866a) Importer(815301076,1909f56bfc062723c751e8b465ee728b)  -> (artifact id: '706981785926425e8e1e12b6e0f3e7b0') in 0.018167 seconds 
========================================================================
Received Import Request.
  Time since last request: 107.280791 seconds.
  path: Assets/Assets_Level/Materials/ground/ground.mat
  artifactKey: Guid(baf4ccd9f07922d429bfb24d202835aa) Importer(815301076,1909f56bfc062723c751e8b465ee728b)
Start importing Assets/Assets_Level/Materials/ground/ground.mat using Guid(baf4ccd9f07922d429bfb24d202835aa) Importer(815301076,1909f56bfc062723c751e8b465ee728b)  -> (artifact id: '6a045447284665432f43002d0484a78b') in 0.069520 seconds 
========================================================================
Received Import Request.
  Time since last request: 9.324952 seconds.
  path: Assets/Assets_Level/Materials/ground/board_cut_blinn1_BaseColor.png
  artifactKey: Guid(c6642e5daae4a9b448f860a4876caed1) Importer(815301076,1909f56bfc062723c751e8b465ee728b)
Start importing Assets/Assets_Level/Materials/ground/board_cut_blinn1_BaseColor.png using Guid(c6642e5daae4a9b448f860a4876caed1) Importer(815301076,1909f56bfc062723c751e8b465ee728b)  -> (artifact id: '783bbb3c261401053560ac1d1132c8b7') in 0.017678 seconds 
========================================================================
Received Import Request.
  Time since last request: 0.000024 seconds.
  path: Assets/Assets_Level/Materials/ground/board_cut_blinn1_Roughness.png
  artifactKey: Guid(ba08cac0130932e4cb755592d08ac07e) Importer(815301076,1909f56bfc062723c751e8b465ee728b)
Start importing Assets/Assets_Level/Materials/ground/board_cut_blinn1_Roughness.png using Guid(ba08cac0130932e4cb755592d08ac07e) Importer(815301076,1909f56bfc062723c751e8b465ee728b)  -> (artifact id: 'd70bdc1bf77c88cb16e0cc011587f62b') in 0.014505 seconds 
========================================================================
Received Import Request.
  Time since last request: 9.404666 seconds.
  path: Assets/Assets_Level/Materials/ground/board_cut_blinn1_Normal.png
  artifactKey: Guid(9c5ff40701a906149a343198946d866a) Importer(815301076,1909f56bfc062723c751e8b465ee728b)
Start importing Assets/Assets_Level/Materials/ground/board_cut_blinn1_Normal.png using Guid(9c5ff40701a906149a343198946d866a) Importer(815301076,1909f56bfc062723c751e8b465ee728b)  -> (artifact id: 'b2b99bb9a526c327841414d4667efdd9') in 0.014414 seconds 
========================================================================
Received Import Request.
  Time since last request: 7.608629 seconds.
  path: Assets/Assets_Level/Materials/ground/ground.mat
  artifactKey: Guid(baf4ccd9f07922d429bfb24d202835aa) Importer(815301076,1909f56bfc062723c751e8b465ee728b)
Start importing Assets/Assets_Level/Materials/ground/ground.mat using Guid(baf4ccd9f07922d429bfb24d202835aa) Importer(815301076,1909f56bfc062723c751e8b465ee728b)  -> (artifact id: '9f1f9f9c2850672cae2578257fb57817') in 0.026205 seconds 
