Using pre-set license
Built from '2022.1/staging' branch; Version is '2022.1.23f1 (9636b062134a) revision 9844400'; Using compiler version '192829333'; Build Type 'Release'
OS: 'Windows 10  (10.0.19045) 64bit Professional' Language: 'de' Physical Memory: 32698 MB
BatchMode: 1, IsHumanControllingUs: 0, StartBugReporterOnCrash: 0, Is64bit: 1, IsPro: 1

COMMAND LINE ARGUMENTS:
C:\Program Files\Unity\Hub\Editor\2022.1.23f1\Editor\Unity.exe
-adb2
-batchMode
-noUpm
-name
AssetImportWorker7
-projectPath
C:/Users/Celina/Desktop/Schule/4.SemesterFH/MixedReality/Game/GodCart
-logFile
Logs/AssetImportWorker7.log
-srvPort
62583
Successfully changed project path to: C:/Users/Celina/Desktop/Schule/4.SemesterFH/MixedReality/Game/GodCart
C:/Users/Celina/Desktop/Schule/4.SemesterFH/MixedReality/Game/GodCart
[UnityMemory] Configuration Parameters - Can be set up in boot.config
    "memorysetup-bucket-allocator-granularity=16"
    "memorysetup-bucket-allocator-bucket-count=8"
    "memorysetup-bucket-allocator-block-size=33554432"
    "memorysetup-bucket-allocator-block-count=8"
    "memorysetup-main-allocator-block-size=16777216"
    "memorysetup-thread-allocator-block-size=16777216"
    "memorysetup-gfx-main-allocator-block-size=16777216"
    "memorysetup-gfx-thread-allocator-block-size=16777216"
    "memorysetup-cache-allocator-block-size=4194304"
    "memorysetup-typetree-allocator-block-size=2097152"
    "memorysetup-profiler-bucket-allocator-granularity=16"
    "memorysetup-profiler-bucket-allocator-bucket-count=8"
    "memorysetup-profiler-bucket-allocator-block-size=33554432"
    "memorysetup-profiler-bucket-allocator-block-count=8"
    "memorysetup-profiler-allocator-block-size=16777216"
    "memorysetup-profiler-editor-allocator-block-size=1048576"
    "memorysetup-temp-allocator-size-main=16777216"
    "memorysetup-job-temp-allocator-block-size=2097152"
    "memorysetup-job-temp-allocator-block-size-background=1048576"
    "memorysetup-job-temp-allocator-reduction-small-platforms=262144"
    "memorysetup-temp-allocator-size-background-worker=32768"
    "memorysetup-temp-allocator-size-job-worker=262144"
    "memorysetup-temp-allocator-size-preload-manager=33554432"
    "memorysetup-temp-allocator-size-nav-mesh-worker=65536"
    "memorysetup-temp-allocator-size-audio-worker=65536"
    "memorysetup-temp-allocator-size-cloud-worker=32768"
    "memorysetup-temp-allocator-size-gi-baking-worker=262144"
    "memorysetup-temp-allocator-size-gfx=262144"
Refreshing native plugins compatible for Editor in 237.31 ms, found 8 plugins.
Preloading 1 native plugins for Editor in 0.58 ms.
Initialize engine version: 2022.1.23f1 (9636b062134a)
[Subsystems] Discovering subsystems at path C:/Program Files/Unity/Hub/Editor/2022.1.23f1/Editor/Data/Resources/UnitySubsystems
[Subsystems] Discovering subsystems at path C:/Users/Celina/Desktop/Schule/4.SemesterFH/MixedReality/Game/GodCart/Assets
GfxDevice: creating device client; threaded=0; jobified=0
Direct3D:
    Version:  Direct3D 11.0 [level 11.1]
    Renderer: NVIDIA GeForce GTX 1080 (ID=0x1b80)
    Vendor:   NVIDIA
    VRAM:     8072 MB
    Driver:   31.0.15.3179
Shader 'Oculus/OVRMRCameraFrameLit': fallback shader 'Alpha-Diffuse' not found
Initialize mono
Mono path[0] = 'C:/Program Files/Unity/Hub/Editor/2022.1.23f1/Editor/Data/Managed'
Mono path[1] = 'C:/Program Files/Unity/Hub/Editor/2022.1.23f1/Editor/Data/MonoBleedingEdge/lib/mono/unityjit-win32'
Mono config path = 'C:/Program Files/Unity/Hub/Editor/2022.1.23f1/Editor/Data/MonoBleedingEdge/etc'
Using monoOptions --debugger-agent=transport=dt_socket,embedding=1,server=y,suspend=n,address=127.0.0.1:56488
Begin MonoManager ReloadAssembly
Registering precompiled unity dll's ...
Register platform support module: C:/Program Files/Unity/Hub/Editor/2022.1.23f1/Editor/Data/PlaybackEngines/AndroidPlayer/UnityEditor.Android.Extensions.dll
Register platform support module: C:/Program Files/Unity/Hub/Editor/2022.1.23f1/Editor/Data/PlaybackEngines/WindowsStandaloneSupport/UnityEditor.WindowsStandalone.Extensions.dll
Registered in 0.009883 seconds.
Native extension for WindowsStandalone target not found
Native extension for Android target not found
Refreshing native plugins compatible for Editor in 262.91 ms, found 8 plugins.
Preloading 1 native plugins for Editor in 0.17 ms.
Mono: successfully reloaded assembly
- Completed reload, in  1.158 seconds
Domain Reload Profiling:
	ReloadAssembly (1159ms)
		BeginReloadAssembly (93ms)
			ExecutionOrderSort (0ms)
			DisableScriptedObjects (0ms)
			BackupInstance (0ms)
			ReleaseScriptingObjects (0ms)
			CreateAndSetChildDomain (1ms)
		EndReloadAssembly (923ms)
			LoadAssemblies (90ms)
			RebuildTransferFunctionScriptingTraits (0ms)
			SetupTypeCache (182ms)
				TypeCache.Initialize (182ms)
					TypeCache.ScanAssembly (180ms)
				ResolveRequiredComponents (1ms)
			ReleaseScriptCaches (0ms)
			RebuildScriptCaches (69ms)
			SetupLoadedEditorAssemblies (593ms)
				LogAssemblyErrors (0ms)
				InitializePlatformSupportModulesInManaged (122ms)
				SetLoadedEditorAssemblies (13ms)
				RefreshPlugins (263ms)
				BeforeProcessingInitializeOnLoad (1ms)
				ProcessInitializeOnLoadAttributes (135ms)
				ProcessInitializeOnLoadMethodAttributes (59ms)
				AfterProcessingInitializeOnLoad (0ms)
				EditorAssembliesLoaded (0ms)
			ExecutionOrderSort2 (0ms)
			AwakeInstancesAfterBackupRestoration (0ms)
Platform modules already initialized, skipping
Registering precompiled user dll's ...
Registered in 0.013474 seconds.
Begin MonoManager ReloadAssembly
Symbol file LoadedFromMemory doesn't match image C:\Users\Celina\Desktop\Schule\4.SemesterFH\MixedReality\Game\GodCart\Library\PackageCache\com.unity.visualscripting@1.7.8\Editor\VisualScripting.Core\Dependencies\DotNetZip\Unity.VisualScripting.IonicZip.dll
Symbol file LoadedFromMemory doesn't match image C:\Users\Celina\Desktop\Schule\4.SemesterFH\MixedReality\Game\GodCart\Library\PackageCache\com.unity.visualscripting@1.7.8\Editor\VisualScripting.Core\Dependencies\YamlDotNet\Unity.VisualScripting.YamlDotNet.dll
Native extension for WindowsStandalone target not found
Native extension for Android target not found
Refreshing native plugins compatible for Editor in 206.56 ms, found 8 plugins.
Preloading 1 native plugins for Editor in 0.06 ms.
Package Manager log level set to [2]
[Package Manager] Server::EnsureServerProcessIsRunning -- launch failed, reason: Unity was launched with the -noUpm command-line argument
[Package Manager] UpmClient::Send -- Unable to send message (not connected to UPM process).
[Package Manager] Cannot connect to Unity Package Manager local server
[Package Manager] Server::EnsureServerProcessIsRunning -- launch failed, reason: Unity was launched with the -noUpm command-line argument
[Package Manager] UpmClient::Send -- Unable to send message (not connected to UPM process).
[Package Manager] Cannot connect to Unity Package Manager local server
[XR] OculusXRPlugin: registering subsystems
[XR] Unable to register display lifecyle provider: [1]
[XR] Oculus Input lifecycle provider registered.
[XR] Unable to register input lifecyle provider: [1]
[XR] OVRP version 1.82.0
Mono: successfully reloaded assembly
[Package Manager] Server::EnsureServerProcessIsRunning -- launch failed, reason: Unity was launched with the -noUpm command-line argument
[Package Manager] UpmClient::Send -- Unable to send message (not connected to UPM process).
[Package Manager] Cannot connect to Unity Package Manager local server
[Package Manager] Server::EnsureServerProcessIsRunning -- launch failed, reason: Unity was launched with the -noUpm command-line argument
[Package Manager] UpmClient::Send -- Unable to send message (not connected to UPM process).
[Package Manager] Cannot connect to Unity Package Manager local server
- Completed reload, in  2.069 seconds
Domain Reload Profiling:
	ReloadAssembly (2070ms)
		BeginReloadAssembly (286ms)
			ExecutionOrderSort (0ms)
			DisableScriptedObjects (8ms)
			BackupInstance (0ms)
			ReleaseScriptingObjects (0ms)
			CreateAndSetChildDomain (164ms)
		EndReloadAssembly (1648ms)
			LoadAssemblies (141ms)
			RebuildTransferFunctionScriptingTraits (0ms)
			SetupTypeCache (385ms)
				TypeCache.Initialize (363ms)
					TypeCache.ScanAssembly (358ms)
				ResolveRequiredComponents (22ms)
			ReleaseScriptCaches (1ms)
			RebuildScriptCaches (107ms)
			SetupLoadedEditorAssemblies (957ms)
				LogAssemblyErrors (0ms)
				InitializePlatformSupportModulesInManaged (12ms)
				SetLoadedEditorAssemblies (5ms)
				RefreshPlugins (207ms)
				BeforeProcessingInitializeOnLoad (159ms)
				ProcessInitializeOnLoadAttributes (485ms)
				ProcessInitializeOnLoadMethodAttributes (80ms)
				AfterProcessingInitializeOnLoad (8ms)
				EditorAssembliesLoaded (0ms)
			ExecutionOrderSort2 (0ms)
			AwakeInstancesAfterBackupRestoration (6ms)
Platform modules already initialized, skipping
========================================================================
Worker process is ready to serve import requests
Shader 'Oculus/OVRMRCameraFrameLit': fallback shader 'Alpha-Diffuse' not found
Launched and connected shader compiler UnityShaderCompiler.exe after 0.05 seconds
Refreshing native plugins compatible for Editor in 3.59 ms, found 8 plugins.
Preloading 1 native plugins for Editor in 0.09 ms.
Unloading 7305 Unused Serialized files (Serialized files now loaded: 0)
Unloading 68 unused Assets / (0.6 MB). Loaded Objects now: 7746.
Memory consumption went from 1.14 GB to 1.14 GB.
Total: 7.762900 ms (FindLiveObjects: 0.925700 ms CreateObjectMapping: 0.913800 ms MarkObjects: 5.517100 ms  DeleteObjects: 0.405200 ms)

AssetImportParameters requested are different than current active one (requested -> active):
  custom:video-decoder-ogg-theora: a1e56fd34408186e4bbccfd4996cb3dc -> 
  custom:container-muxer-webm: aa71ff27fc2769a1b78a27578f13a17b -> 
  custom:container-demuxer-webm: 4f35f7cbe854078d1ac9338744f61a02 -> 
  custom:video-encoder-webm-vp8: eb34c28f22e8b96e1ab97ce403110664 -> 
  custom:audio-encoder-webm-vorbis: bf7c407c2cedff20999df2af8eb42d56 -> 
  custom:framework-win-MediaFoundation: 216162199b28c13a410421893ffa2e32 -> 
  custom:container-demuxer-ogg: 62fdf1f143b41e24485cea50d1cbac27 -> 
  custom:video-decoder-webm-vp8: 9c59270c3fd7afecdb556c50c9e8de78 -> 
  custom:audio-decoder-ogg-vorbis: bf7c407c2cedff20999df2af8eb42d56 -> 
========================================================================
Received Import Request.
  Time since last request: 560199.929183 seconds.
  path: Assets/Oculus/Interaction/Samples/Objects/Environment/Locomotion/Models/Materials/LocomotionBalconyFloorMat.mat
  artifactKey: Guid(f8a174ef358cb044295d2b91d1abede6) Importer(815301076,1909f56bfc062723c751e8b465ee728b)
Start importing Assets/Oculus/Interaction/Samples/Objects/Environment/Locomotion/Models/Materials/LocomotionBalconyFloorMat.mat using Guid(f8a174ef358cb044295d2b91d1abede6) Importer(815301076,1909f56bfc062723c751e8b465ee728b)  -> (artifact id: 'c9dcfcab943800458fbabde210fb2358') in 0.354025 seconds 
========================================================================
Received Import Request.
  Time since last request: 0.407033 seconds.
  path: Assets/Oculus/SampleFramework/Usage/Locomotion/Materials/MAT_cinderblock_01.mat
  artifactKey: Guid(02c684a5a201b40a4a0418558d9512d1) Importer(815301076,1909f56bfc062723c751e8b465ee728b)
Start importing Assets/Oculus/SampleFramework/Usage/Locomotion/Materials/MAT_cinderblock_01.mat using Guid(02c684a5a201b40a4a0418558d9512d1) Importer(815301076,1909f56bfc062723c751e8b465ee728b)  -> (artifact id: 'f9667b59f283b3682fa8715e72499390') in 0.095669 seconds 
========================================================================
Received Import Request.
  Time since last request: 0.000029 seconds.
  path: Assets/Oculus/SampleFramework/Usage/SharedAssets/Materials/MAT_room_atlas_01.mat
  artifactKey: Guid(c06f24316d5a9416686642a56431ea32) Importer(815301076,1909f56bfc062723c751e8b465ee728b)
Start importing Assets/Oculus/SampleFramework/Usage/SharedAssets/Materials/MAT_room_atlas_01.mat using Guid(c06f24316d5a9416686642a56431ea32) Importer(815301076,1909f56bfc062723c751e8b465ee728b)  -> (artifact id: '0687b77eabcb54c0e82c64a5bcad6f42') in 0.053754 seconds 
========================================================================
Received Import Request.
  Time since last request: 0.000025 seconds.
  path: Packages/com.unity.render-pipelines.universal/Runtime/Materials/PhysicalMaterial3DsMax/PhysicalMaterial3DsMax.shadergraph
  artifactKey: Guid(44245ab89240f51459a5077d7145c452) Importer(815301076,1909f56bfc062723c751e8b465ee728b)
Start importing Packages/com.unity.render-pipelines.universal/Runtime/Materials/PhysicalMaterial3DsMax/PhysicalMaterial3DsMax.shadergraph using Guid(44245ab89240f51459a5077d7145c452) Importer(815301076,1909f56bfc062723c751e8b465ee728b)  -> (artifact id: '715613e8ab834b6cba26527f4dfcad40') in 0.026785 seconds 
========================================================================
Received Import Request.
  Time since last request: 0.000031 seconds.
  path: Packages/com.unity.render-pipelines.universal/Shaders/AutodeskInteractive/AutodeskInteractive.shadergraph
  artifactKey: Guid(0e9d5a909a1f7e84882a534d0d11e49f) Importer(815301076,1909f56bfc062723c751e8b465ee728b)
Start importing Packages/com.unity.render-pipelines.universal/Shaders/AutodeskInteractive/AutodeskInteractive.shadergraph using Guid(0e9d5a909a1f7e84882a534d0d11e49f) Importer(815301076,1909f56bfc062723c751e8b465ee728b)  -> (artifact id: '02044726aa1b8787bcd03993942ab5f4') in 3.182799 seconds 
========================================================================
Received Import Request.
  Time since last request: 0.000048 seconds.
  path: Assets/Oculus/Interaction/Samples/Objects/Environment/SmallRoom/Materials/SmallRoomFurnitureMat.mat
  artifactKey: Guid(11a68679012f52242bdfabd814bd5db8) Importer(815301076,1909f56bfc062723c751e8b465ee728b)
Start importing Assets/Oculus/Interaction/Samples/Objects/Environment/SmallRoom/Materials/SmallRoomFurnitureMat.mat using Guid(11a68679012f52242bdfabd814bd5db8) Importer(815301076,1909f56bfc062723c751e8b465ee728b)  -> (artifact id: 'eb79e0e60587e4b4258f2569d9abc1d3') in 0.030355 seconds 
========================================================================
Received Import Request.
  Time since last request: 0.000032 seconds.
  path: Assets/Oculus/Interaction/Samples/Objects/Environment/SmallRoom/Materials/SmallRoomFabricMat.mat
  artifactKey: Guid(8ad3dfbb5f0703a4f911a6aad201242c) Importer(815301076,1909f56bfc062723c751e8b465ee728b)
Start importing Assets/Oculus/Interaction/Samples/Objects/Environment/SmallRoom/Materials/SmallRoomFabricMat.mat using Guid(8ad3dfbb5f0703a4f911a6aad201242c) Importer(815301076,1909f56bfc062723c751e8b465ee728b)  -> (artifact id: '0918aa60cbf055621dad1463ab009c72') in 0.029002 seconds 
========================================================================
Received Import Request.
  Time since last request: 0.000031 seconds.
  path: Assets/Oculus/Interaction/Samples/Objects/Environment/Room/Materials/SmallRoomWoodMat.mat
  artifactKey: Guid(210293e7bc746264fb59293ebb63e4f3) Importer(815301076,1909f56bfc062723c751e8b465ee728b)
Start importing Assets/Oculus/Interaction/Samples/Objects/Environment/Room/Materials/SmallRoomWoodMat.mat using Guid(210293e7bc746264fb59293ebb63e4f3) Importer(815301076,1909f56bfc062723c751e8b465ee728b)  -> (artifact id: 'ff13c272a98190c5a419da9dffbe7e4c') in 0.028294 seconds 
========================================================================
Received Import Request.
  Time since last request: 0.000032 seconds.
  path: Assets/Oculus/SampleFramework/Usage/Passthrough/Materials/SelectivePassthroughHands.mat
  artifactKey: Guid(b711286d46553614c8f4e2f88af54316) Importer(815301076,1909f56bfc062723c751e8b465ee728b)
Start importing Assets/Oculus/SampleFramework/Usage/Passthrough/Materials/SelectivePassthroughHands.mat using Guid(b711286d46553614c8f4e2f88af54316) Importer(815301076,1909f56bfc062723c751e8b465ee728b)  -> (artifact id: '817967971260844665050bcb51d7dc56') in 0.045761 seconds 
========================================================================
Received Import Request.
  Time since last request: 0.000034 seconds.
  path: Assets/Oculus/SampleFramework/Usage/HandsTrainExample/Materials/PropMaterial.mat
  artifactKey: Guid(38890965fd4d8414facf4aebde878c8b) Importer(815301076,1909f56bfc062723c751e8b465ee728b)
Start importing Assets/Oculus/SampleFramework/Usage/HandsTrainExample/Materials/PropMaterial.mat using Guid(38890965fd4d8414facf4aebde878c8b) Importer(815301076,1909f56bfc062723c751e8b465ee728b)  -> (artifact id: 'a5c51b65d817f027a80a79ec6d7b016f') in 0.042969 seconds 
========================================================================
Received Import Request.
  Time since last request: 0.000026 seconds.
  path: Assets/Oculus/Interaction/Runtime/Materials/RoundedBoxUnlitZTestAlways.mat
  artifactKey: Guid(4e13e34972e2e8f45ab47c3281f2655a) Importer(815301076,1909f56bfc062723c751e8b465ee728b)
Start importing Assets/Oculus/Interaction/Runtime/Materials/RoundedBoxUnlitZTestAlways.mat using Guid(4e13e34972e2e8f45ab47c3281f2655a) Importer(815301076,1909f56bfc062723c751e8b465ee728b)  -> (artifact id: 'dc85f5ef63511138bf2124c49a25d5bd') in 0.021668 seconds 
========================================================================
Received Import Request.
  Time since last request: 0.000046 seconds.
  path: Assets/Oculus/Interaction/Runtime/Materials/OculusControllerRayMaterial.mat
  artifactKey: Guid(953296ab6b035654b8377b21ca2f64e2) Importer(815301076,1909f56bfc062723c751e8b465ee728b)
Start importing Assets/Oculus/Interaction/Runtime/Materials/OculusControllerRayMaterial.mat using Guid(953296ab6b035654b8377b21ca2f64e2) Importer(815301076,1909f56bfc062723c751e8b465ee728b)  -> (artifact id: '8534f892c3be5d783b47652f54adda74') in 0.020772 seconds 
========================================================================
Received Import Request.
  Time since last request: 0.000026 seconds.
  path: Assets/Oculus/Interaction/Samples/Objects/Environment/SmallRoom/Materials/SmallRoomFloorMat.mat
  artifactKey: Guid(235d53208c2effc43aa402dc5f349bdb) Importer(815301076,1909f56bfc062723c751e8b465ee728b)
Start importing Assets/Oculus/Interaction/Samples/Objects/Environment/SmallRoom/Materials/SmallRoomFloorMat.mat using Guid(235d53208c2effc43aa402dc5f349bdb) Importer(815301076,1909f56bfc062723c751e8b465ee728b)  -> (artifact id: '259c6da0d3acb4a460502392caeb751e') in 0.033938 seconds 
========================================================================
Received Import Request.
  Time since last request: 0.000027 seconds.
  path: Assets/Oculus/SampleFramework/Usage/SceneManager/Materials/Red.mat
  artifactKey: Guid(ad051d3b772984b47a4b27afcec8cd89) Importer(815301076,1909f56bfc062723c751e8b465ee728b)
Start importing Assets/Oculus/SampleFramework/Usage/SceneManager/Materials/Red.mat using Guid(ad051d3b772984b47a4b27afcec8cd89) Importer(815301076,1909f56bfc062723c751e8b465ee728b)  -> (artifact id: '1ae2920fd285e142e4d2d66fcbecb65b') in 0.019517 seconds 
========================================================================
Received Import Request.
  Time since last request: 0.000030 seconds.
  path: Assets/Oculus/Interaction/Samples/Fonts/Roboto-Medium SDF.asset
  artifactKey: Guid(b8f5aeb9c6de7614db2631011b869bc3) Importer(815301076,1909f56bfc062723c751e8b465ee728b)
Start importing Assets/Oculus/Interaction/Samples/Fonts/Roboto-Medium SDF.asset using Guid(b8f5aeb9c6de7614db2631011b869bc3) Importer(815301076,1909f56bfc062723c751e8b465ee728b)  -> (artifact id: '0a77a42d96bc56f436057dcb3614601b') in 0.064804 seconds 
========================================================================
Received Import Request.
  Time since last request: 0.000036 seconds.
  path: Assets/Assets_Level/MaximeBrunoni/BridgesPack/Art/Materials/Pedestal.mat
  artifactKey: Guid(202fba20f9320794b8e236a75135290d) Importer(815301076,1909f56bfc062723c751e8b465ee728b)
Start importing Assets/Assets_Level/MaximeBrunoni/BridgesPack/Art/Materials/Pedestal.mat using Guid(202fba20f9320794b8e236a75135290d) Importer(815301076,1909f56bfc062723c751e8b465ee728b)  -> (artifact id: '94d92c15742086e12f0e3710e1743d97') in 3.048781 seconds 
========================================================================
Received Import Request.
  Time since last request: 0.000041 seconds.
  path: Assets/Assets_Level/polygonTrees/polygonTrees/models/shrubs/shrub/editableMaterials/shrubMaterial.mat
  artifactKey: Guid(841528ee7fc39b544960d9bb24d93fa8) Importer(815301076,1909f56bfc062723c751e8b465ee728b)
Start importing Assets/Assets_Level/polygonTrees/polygonTrees/models/shrubs/shrub/editableMaterials/shrubMaterial.mat using Guid(841528ee7fc39b544960d9bb24d93fa8) Importer(815301076,1909f56bfc062723c751e8b465ee728b)  -> (artifact id: 'a00ada608db9f53cd46bb4a0019f2921') in 0.018855 seconds 
========================================================================
Received Import Request.
  Time since last request: 0.000038 seconds.
  path: Assets/Oculus/Interaction/Samples/Objects/Environment/Room/Materials/SmallRoomFloorMat.mat
  artifactKey: Guid(b624eb706ce7c97438315f00a239e3fa) Importer(815301076,1909f56bfc062723c751e8b465ee728b)
Start importing Assets/Oculus/Interaction/Samples/Objects/Environment/Room/Materials/SmallRoomFloorMat.mat using Guid(b624eb706ce7c97438315f00a239e3fa) Importer(815301076,1909f56bfc062723c751e8b465ee728b)  -> (artifact id: '3a62127bc347357afb7930934d0784ce') in 0.028629 seconds 
========================================================================
Received Import Request.
  Time since last request: 0.000030 seconds.
  path: Assets/Oculus/SampleFramework/Usage/OVROverlay/Materials/Tile_Mat_BackgroundHighlight.mat
  artifactKey: Guid(081039a448bec6e48827af5f9b606f83) Importer(815301076,1909f56bfc062723c751e8b465ee728b)
Start importing Assets/Oculus/SampleFramework/Usage/OVROverlay/Materials/Tile_Mat_BackgroundHighlight.mat using Guid(081039a448bec6e48827af5f9b606f83) Importer(815301076,1909f56bfc062723c751e8b465ee728b)  -> (artifact id: '0dd5e503ccdb065d0f2c7f7d4fe9f9f5') in 0.018763 seconds 
========================================================================
Received Import Request.
  Time since last request: 0.000033 seconds.
  path: Assets/Oculus/SampleFramework/Usage/SharedAssets/Skyboxes/Sky_01/Skybox01Mat.mat
  artifactKey: Guid(b6121f1ede3dbe848a9c9de2ef369c28) Importer(815301076,1909f56bfc062723c751e8b465ee728b)
Start importing Assets/Oculus/SampleFramework/Usage/SharedAssets/Skyboxes/Sky_01/Skybox01Mat.mat using Guid(b6121f1ede3dbe848a9c9de2ef369c28) Importer(815301076,1909f56bfc062723c751e8b465ee728b)  -> (artifact id: '326d97e2ae7cbfafd8a8a8ee0a7b8e38') in 0.033742 seconds 
========================================================================
Received Import Request.
  Time since last request: 0.000031 seconds.
  path: Assets/Oculus/Spatializer/scenes/materials/SpatializedObject2.mat
  artifactKey: Guid(f54ef0e328359c14b9005f8a48cbd66b) Importer(815301076,1909f56bfc062723c751e8b465ee728b)
Start importing Assets/Oculus/Spatializer/scenes/materials/SpatializedObject2.mat using Guid(f54ef0e328359c14b9005f8a48cbd66b) Importer(815301076,1909f56bfc062723c751e8b465ee728b)  -> (artifact id: 'cff81b3d768cea2696b8fad8bd19d5c6') in 0.018681 seconds 
========================================================================
Received Import Request.
  Time since last request: 0.000031 seconds.
  path: Assets/Oculus/SampleFramework/Usage/OVROverlay/Materials/Tile_Mat_OculusVideo.mat
  artifactKey: Guid(094be3701c9869d41b1dadbb555ee720) Importer(815301076,1909f56bfc062723c751e8b465ee728b)
Start importing Assets/Oculus/SampleFramework/Usage/OVROverlay/Materials/Tile_Mat_OculusVideo.mat using Guid(094be3701c9869d41b1dadbb555ee720) Importer(815301076,1909f56bfc062723c751e8b465ee728b)  -> (artifact id: 'fdefb2af0df0fdf3f321e2d241680629') in 0.029254 seconds 
========================================================================
Received Import Request.
  Time since last request: 0.000041 seconds.
  path: Assets/Oculus/SampleFramework/Usage/Locomotion/Materials/MeterGrid.mat
  artifactKey: Guid(a5c6952c6ccf162468792012aec09a00) Importer(815301076,1909f56bfc062723c751e8b465ee728b)
Start importing Assets/Oculus/SampleFramework/Usage/Locomotion/Materials/MeterGrid.mat using Guid(a5c6952c6ccf162468792012aec09a00) Importer(815301076,1909f56bfc062723c751e8b465ee728b)  -> (artifact id: 'ec32a733c8c0f17b3795c1d48c1f69f9') in 0.017970 seconds 
========================================================================
Received Import Request.
  Time since last request: 0.000044 seconds.
  path: Assets/Oculus/SampleFramework/Usage/SceneManager/Materials/PassthroughShadow.mat
  artifactKey: Guid(8cd518a5683b3894183832d24a69e344) Importer(815301076,1909f56bfc062723c751e8b465ee728b)
Start importing Assets/Oculus/SampleFramework/Usage/SceneManager/Materials/PassthroughShadow.mat using Guid(8cd518a5683b3894183832d24a69e344) Importer(815301076,1909f56bfc062723c751e8b465ee728b)  -> (artifact id: '2707bb5af27e862b7b4d0a22949cad9f') in 0.019958 seconds 
========================================================================
Received Import Request.
  Time since last request: 0.000033 seconds.
  path: Assets/Oculus/VR/Meshes/OculusTouchForRift/Materials/OculusTouchForRift_Material.mat
  artifactKey: Guid(eacafe280fdfa6a44845c135057ae6a5) Importer(815301076,1909f56bfc062723c751e8b465ee728b)
Start importing Assets/Oculus/VR/Meshes/OculusTouchForRift/Materials/OculusTouchForRift_Material.mat using Guid(eacafe280fdfa6a44845c135057ae6a5) Importer(815301076,1909f56bfc062723c751e8b465ee728b)  -> (artifact id: '26616d76d37b3b829cbcd2763d20ddf2') in 0.022846 seconds 
========================================================================
Received Import Request.
  Time since last request: 0.000029 seconds.
  path: Assets/Oculus/Voice/Demo/Materials/Shapes.mat
  artifactKey: Guid(bc0300e976173994a92b5e91881aeaad) Importer(815301076,1909f56bfc062723c751e8b465ee728b)
Start importing Assets/Oculus/Voice/Demo/Materials/Shapes.mat using Guid(bc0300e976173994a92b5e91881aeaad) Importer(815301076,1909f56bfc062723c751e8b465ee728b)  -> (artifact id: '7a8ae0b9ed39c3d8abed4ade3907debe') in 0.025555 seconds 
========================================================================
Received Import Request.
  Time since last request: 0.000038 seconds.
  path: Assets/Oculus/SampleFramework/Usage/DistanceGrab/SkyboxMat.mat
  artifactKey: Guid(59e9fddc38d83c84689eb3deb601b970) Importer(815301076,1909f56bfc062723c751e8b465ee728b)
Start importing Assets/Oculus/SampleFramework/Usage/DistanceGrab/SkyboxMat.mat using Guid(59e9fddc38d83c84689eb3deb601b970) Importer(815301076,1909f56bfc062723c751e8b465ee728b)  -> (artifact id: '84a3bf39a234a3ce12f2b8697c066848') in 0.154920 seconds 
========================================================================
Received Import Request.
  Time since last request: 0.000046 seconds.
  path: Assets/Oculus/SampleFramework/Usage/SharedAssets/Materials/SportsBottle_lid.mat
  artifactKey: Guid(c99e99ab53520b24f933da34732440eb) Importer(815301076,1909f56bfc062723c751e8b465ee728b)
Start importing Assets/Oculus/SampleFramework/Usage/SharedAssets/Materials/SportsBottle_lid.mat using Guid(c99e99ab53520b24f933da34732440eb) Importer(815301076,1909f56bfc062723c751e8b465ee728b)  -> (artifact id: '6ca857acc84460ff6deaade1c5b3ac24') in 0.023949 seconds 
========================================================================
Received Import Request.
  Time since last request: 0.000042 seconds.
  path: Assets/Oculus/LipSync/Models/FemaleHead_Morph/Materials/skin_DIFF.mat
  artifactKey: Guid(3d380053edac948aa9d428fce6a5288b) Importer(815301076,1909f56bfc062723c751e8b465ee728b)
Start importing Assets/Oculus/LipSync/Models/FemaleHead_Morph/Materials/skin_DIFF.mat using Guid(3d380053edac948aa9d428fce6a5288b) Importer(815301076,1909f56bfc062723c751e8b465ee728b)  -> (artifact id: '7d8dca2a173d8f82fe8df716e8a62eea') in 0.025960 seconds 
========================================================================
Received Import Request.
  Time since last request: 0.000033 seconds.
  path: Assets/Oculus/Interaction/Samples/Objects/Environment/Room/Materials/StencilSkydome.mat
  artifactKey: Guid(3da35d2d09b66e748b767a7d40cc12c1) Importer(815301076,1909f56bfc062723c751e8b465ee728b)
Start importing Assets/Oculus/Interaction/Samples/Objects/Environment/Room/Materials/StencilSkydome.mat using Guid(3da35d2d09b66e748b767a7d40cc12c1) Importer(815301076,1909f56bfc062723c751e8b465ee728b)  -> (artifact id: 'c33e13daebb5536d61deb2d0315a43c2') in 0.032806 seconds 
========================================================================
Received Import Request.
  Time since last request: 0.000029 seconds.
  path: Assets/Oculus/Interaction/Samples/Objects/Props/TennisBall/TennisBallMat.mat
  artifactKey: Guid(53012a4d0e99aa04896d0e03bb07287f) Importer(815301076,1909f56bfc062723c751e8b465ee728b)
Start importing Assets/Oculus/Interaction/Samples/Objects/Props/TennisBall/TennisBallMat.mat using Guid(53012a4d0e99aa04896d0e03bb07287f) Importer(815301076,1909f56bfc062723c751e8b465ee728b)  -> (artifact id: '27cc4b47340658b6d24887f4641690f2') in 0.024866 seconds 
========================================================================
Received Import Request.
  Time since last request: 0.000034 seconds.
  path: Assets/Oculus/Interaction/Samples/Objects/Props/Plants/Materials/PlantShelvesMat.mat
  artifactKey: Guid(04324e75a7c9b5c4ab7116cb7aa9ec9f) Importer(815301076,1909f56bfc062723c751e8b465ee728b)
Start importing Assets/Oculus/Interaction/Samples/Objects/Props/Plants/Materials/PlantShelvesMat.mat using Guid(04324e75a7c9b5c4ab7116cb7aa9ec9f) Importer(815301076,1909f56bfc062723c751e8b465ee728b)  -> (artifact id: 'e42ee34ca6d9f93ba9bb5a61e3acf7e9') in 0.029656 seconds 
========================================================================
Received Import Request.
  Time since last request: 0.000036 seconds.
  path: Assets/Oculus/Interaction/Runtime/Materials/OculusHandDebug.mat
  artifactKey: Guid(955dc62c6d15d7940a00920925eab81c) Importer(815301076,1909f56bfc062723c751e8b465ee728b)
Start importing Assets/Oculus/Interaction/Runtime/Materials/OculusHandDebug.mat using Guid(955dc62c6d15d7940a00920925eab81c) Importer(815301076,1909f56bfc062723c751e8b465ee728b)  -> (artifact id: '46ad7c330d6a1458f5786a4b1e7957fa') in 0.019100 seconds 
========================================================================
Received Import Request.
  Time since last request: 0.000032 seconds.
  path: Assets/Oculus/Interaction/Samples/Objects/Environment/MRDesk/Materials/MRDeskShadow.mat
  artifactKey: Guid(b8b2855e2f2d82f47a440a0f16dbfd71) Importer(815301076,1909f56bfc062723c751e8b465ee728b)
Start importing Assets/Oculus/Interaction/Samples/Objects/Environment/MRDesk/Materials/MRDeskShadow.mat using Guid(b8b2855e2f2d82f47a440a0f16dbfd71) Importer(815301076,1909f56bfc062723c751e8b465ee728b)  -> (artifact id: 'c3dd6fd848ce515acef6be9b17f11829') in 0.027256 seconds 
========================================================================
Received Import Request.
  Time since last request: 0.000041 seconds.
  path: Assets/Oculus/SampleFramework/Usage/DistanceGrab/Materials/SportsBottleLidWithOutline.mat
  artifactKey: Guid(c4838c9fceddb43a5b32cf5f3d35522d) Importer(815301076,1909f56bfc062723c751e8b465ee728b)
Start importing Assets/Oculus/SampleFramework/Usage/DistanceGrab/Materials/SportsBottleLidWithOutline.mat using Guid(c4838c9fceddb43a5b32cf5f3d35522d) Importer(815301076,1909f56bfc062723c751e8b465ee728b)  -> (artifact id: '2f111e9399054f1bfd7c10a474cc845c') in 0.022380 seconds 
========================================================================
Received Import Request.
  Time since last request: 0.000042 seconds.
  path: Assets/Oculus/VR/Meshes/MetaQuestTouchPro/Materials/MetaQuestProLeft_Material.mat
  artifactKey: Guid(b58fdf466c162d447913b955fc10ad96) Importer(815301076,1909f56bfc062723c751e8b465ee728b)
Start importing Assets/Oculus/VR/Meshes/MetaQuestTouchPro/Materials/MetaQuestProLeft_Material.mat using Guid(b58fdf466c162d447913b955fc10ad96) Importer(815301076,1909f56bfc062723c751e8b465ee728b)  -> (artifact id: '3a0ceb6ee72f28ee547f08c7ded9946c') in 0.043259 seconds 
========================================================================
Received Import Request.
  Time since last request: 0.000025 seconds.
  path: Assets/Oculus/SampleFramework/Core/Locomotion/Materials/TeleportLaser.mat
  artifactKey: Guid(a379cec2ba497874788d17eb312c61be) Importer(815301076,1909f56bfc062723c751e8b465ee728b)
Start importing Assets/Oculus/SampleFramework/Core/Locomotion/Materials/TeleportLaser.mat using Guid(a379cec2ba497874788d17eb312c61be) Importer(815301076,1909f56bfc062723c751e8b465ee728b)  -> (artifact id: '9b31f02d891925793a7a36b52f7e244b') in 0.019585 seconds 
========================================================================
Received Import Request.
  Time since last request: 0.000037 seconds.
  path: Assets/Oculus/Interaction/Samples/Objects/Props/WaterParticles/Materials/ParticleStreamMat.mat
  artifactKey: Guid(70b1ef2f08272984eb0d645c1a858744) Importer(815301076,1909f56bfc062723c751e8b465ee728b)
Start importing Assets/Oculus/Interaction/Samples/Objects/Props/WaterParticles/Materials/ParticleStreamMat.mat using Guid(70b1ef2f08272984eb0d645c1a858744) Importer(815301076,1909f56bfc062723c751e8b465ee728b)  -> (artifact id: 'e5f44405651db3be6ad68b4dcc4be3bb') in 0.049237 seconds 
========================================================================
Received Import Request.
  Time since last request: 0.000042 seconds.
  path: Assets/Oculus/SampleFramework/Usage/SceneManager/Materials/Plastic.mat
  artifactKey: Guid(eed002a9bbb525c499ee71cb1d4fe205) Importer(815301076,1909f56bfc062723c751e8b465ee728b)
Start importing Assets/Oculus/SampleFramework/Usage/SceneManager/Materials/Plastic.mat using Guid(eed002a9bbb525c499ee71cb1d4fe205) Importer(815301076,1909f56bfc062723c751e8b465ee728b)  -> (artifact id: '42625c1412528fb98a5f1bba0324c446') in 0.020220 seconds 
========================================================================
Received Import Request.
  Time since last request: 0.000035 seconds.
  path: Packages/com.unity.render-pipelines.universal/Shaders/AutodeskInteractive/AutodeskInteractiveTransparent.shadergraph
  artifactKey: Guid(5c81372d981403744adbdda4433c9c11) Importer(815301076,1909f56bfc062723c751e8b465ee728b)
Start importing Packages/com.unity.render-pipelines.universal/Shaders/AutodeskInteractive/AutodeskInteractiveTransparent.shadergraph using Guid(5c81372d981403744adbdda4433c9c11) Importer(815301076,1909f56bfc062723c751e8b465ee728b)  -> (artifact id: '02b8b972f9eeb0460d577a268dc011a1') in 2.701260 seconds 
========================================================================
Received Import Request.
  Time since last request: 4.986252 seconds.
  path: Assets/Assets_Level/polygonTrees/polygonTrees/models/trees/trees/fallenBranchesTree/editableMaterial/treeMaterial.mat
  artifactKey: Guid(d419757e99341f882906d71e95a69d77) Importer(815301076,1909f56bfc062723c751e8b465ee728b)
Start importing Assets/Assets_Level/polygonTrees/polygonTrees/models/trees/trees/fallenBranchesTree/editableMaterial/treeMaterial.mat using Guid(d419757e99341f882906d71e95a69d77) Importer(815301076,1909f56bfc062723c751e8b465ee728b)  -> (artifact id: '950bc272e2aff34191a02814a8176985') in 0.017923 seconds 
========================================================================
Received Import Request.
  Time since last request: 0.000029 seconds.
  path: Assets/Assets_Level/polygonTrees/polygonTrees/models/trees/trees/tree/editableMaterial/treeMaterial.mat
  artifactKey: Guid(d75bd6a5a32a51369ad7be6de5d0d050) Importer(815301076,1909f56bfc062723c751e8b465ee728b)
Start importing Assets/Assets_Level/polygonTrees/polygonTrees/models/trees/trees/tree/editableMaterial/treeMaterial.mat using Guid(d75bd6a5a32a51369ad7be6de5d0d050) Importer(815301076,1909f56bfc062723c751e8b465ee728b)  -> (artifact id: 'f88548f518089c15d06a3f1c84a40570') in 0.015541 seconds 
========================================================================
Received Import Request.
  Time since last request: 0.000026 seconds.
  path: Assets/Assets_Level/polygonTrees/polygonTrees/models/trees/deadTrees/drySimpleTree/drySimpleTree.fbx
  artifactKey: Guid(96446aea739513405b3032ea09a7f075) Importer(815301076,1909f56bfc062723c751e8b465ee728b)
Start importing Assets/Assets_Level/polygonTrees/polygonTrees/models/trees/deadTrees/drySimpleTree/drySimpleTree.fbx using Guid(96446aea739513405b3032ea09a7f075) Importer(815301076,1909f56bfc062723c751e8b465ee728b)  -> (artifact id: '5504220e0cb2079d27f7dff8386ccc94') in 0.098410 seconds 
========================================================================
Received Import Request.
  Time since last request: 5.259595 seconds.
  path: Assets/Oculus/SampleFramework/Usage/OVROverlayCanvas/Materials/UI Default Correct.mat
  artifactKey: Guid(c303ccfd63b005d4bbdb8f0bbf9e834b) Importer(815301076,1909f56bfc062723c751e8b465ee728b)
Start importing Assets/Oculus/SampleFramework/Usage/OVROverlayCanvas/Materials/UI Default Correct.mat using Guid(c303ccfd63b005d4bbdb8f0bbf9e834b) Importer(815301076,1909f56bfc062723c751e8b465ee728b)  -> (artifact id: '41a52f7cf2733f9229fdd211cef8b75f') in 0.026464 seconds 
========================================================================
Received Import Request.
  Time since last request: 0.000039 seconds.
  path: Assets/Oculus/SampleFramework/Usage/SceneManager/Materials/Volume.mat
  artifactKey: Guid(543b651ad3494a6499aacc90e536b48d) Importer(815301076,1909f56bfc062723c751e8b465ee728b)
Start importing Assets/Oculus/SampleFramework/Usage/SceneManager/Materials/Volume.mat using Guid(543b651ad3494a6499aacc90e536b48d) Importer(815301076,1909f56bfc062723c751e8b465ee728b)  -> (artifact id: '8c210b204c5d108178283db0e53dbb2d') in 0.036664 seconds 
========================================================================
Received Import Request.
  Time since last request: 0.000065 seconds.
  path: Assets/Oculus/SampleFramework/Usage/SceneManager/Materials/WindowHole.mat
  artifactKey: Guid(d59a9f09401dbba4e85df048fdd5aa73) Importer(815301076,1909f56bfc062723c751e8b465ee728b)
Start importing Assets/Oculus/SampleFramework/Usage/SceneManager/Materials/WindowHole.mat using Guid(d59a9f09401dbba4e85df048fdd5aa73) Importer(815301076,1909f56bfc062723c751e8b465ee728b)  -> (artifact id: 'ae32f08153a6cbf8501f5d8f83b000e7') in 0.025048 seconds 
========================================================================
Received Import Request.
  Time since last request: 0.000031 seconds.
  path: Assets/Oculus/SampleFramework/Usage/HandsTrainExample/Materials/WindmillMaterial.mat
  artifactKey: Guid(4f0bb7c7f0bfb2943bdce5930449225e) Importer(815301076,1909f56bfc062723c751e8b465ee728b)
Start importing Assets/Oculus/SampleFramework/Usage/HandsTrainExample/Materials/WindmillMaterial.mat using Guid(4f0bb7c7f0bfb2943bdce5930449225e) Importer(815301076,1909f56bfc062723c751e8b465ee728b)  -> (artifact id: '15ae817f7aff39cead5d1abec573900b') in 0.025092 seconds 
========================================================================
Received Import Request.
  Time since last request: 0.000023 seconds.
  path: Assets/Oculus/Interaction/Samples/Objects/Environment/Room/Materials/WindowStencilWriter.mat
  artifactKey: Guid(90969dd5aecc40c438a178ce4c40aa8f) Importer(815301076,1909f56bfc062723c751e8b465ee728b)
Start importing Assets/Oculus/Interaction/Samples/Objects/Environment/Room/Materials/WindowStencilWriter.mat using Guid(90969dd5aecc40c438a178ce4c40aa8f) Importer(815301076,1909f56bfc062723c751e8b465ee728b)  -> (artifact id: 'e19dd5f1c43f9c889e65f68261f12bc4') in 0.022384 seconds 
========================================================================
Received Import Request.
  Time since last request: 0.000037 seconds.
  path: Assets/Oculus/SampleFramework/Usage/DistanceGrab/Materials/WoodBlockWithOutline.mat
  artifactKey: Guid(3a4cc84819795469da40d14888581e73) Importer(815301076,1909f56bfc062723c751e8b465ee728b)
Start importing Assets/Oculus/SampleFramework/Usage/DistanceGrab/Materials/WoodBlockWithOutline.mat using Guid(3a4cc84819795469da40d14888581e73) Importer(815301076,1909f56bfc062723c751e8b465ee728b)  -> (artifact id: '421cc8df20d1c83324e66a3182b12002') in 0.024712 seconds 
Editor requested this worker to shutdown with reason: Scaling down because of idle timeout
AssetImportWorker is now disconnected from the server
Process exiting
Exiting without the bug reporter. Application will terminate with return code 0